Loading modulefiles version 2021.11
=== GPU Information ===
Tesla P100-PCIE-16GB, 6.0, 16384
Tesla P100-PCIE-16GB, 6.0, 16384
=======================
Job start: Thu Jul 31 16:53:55 UTC 2025
🔗 初始化分布式訓練...
📡 分布式訓練設置完成: 2 GPUs
   - Backend: NCCL
   - 每個進程負責 GPU 0
📂 載入配置文件: configs/production.yaml
============================================================
🔧 實驗配置: NSFnet_Re5000_Production
📝 描述: 高精度Physics-Informed Neural Network for Re=5000 Lid-Driven Cavity Flow
============================================================
🧠 網路架構:
   主網路: 6 層 × 80 神經元
   EVM網路: 4 層 × 40 神經元
🎯 訓練設定:
   方程點數: 120,000
   批次大小: 全批次
   總階段數: 6
⚡ 物理參數:
   Reynolds數: 5000
   初始α_EVM: 0.03
💻 系統配置:
   設備: auto
   精度: float32
   TensorBoard: 啟用
============================================================
🚀 創建PINN實例...
💡 16:54:12 | [32mINFO[0m | 📊 TensorBoard log directory: runs/NSFnet_Re5000_20250731_165412
💡 16:54:12 | [32mINFO[0m | 🔍 系統信息初始化完成
💡 16:54:12 | [32mINFO[0m |    CPU: 48 核心
💡 16:54:12 | [32mINFO[0m |    記憶體: 109.7 GB
💡 16:54:12 | [32mINFO[0m |    GPU: 0 個設備
💡 16:54:12 | [32mINFO[0m |    磁碟: 97.9 GB
💡 16:54:12 | [32mINFO[0m | 🧠 記憶體管理器初始化完成
💡 16:54:15 | [32mINFO[0m | Distributed training setup:
💡 16:54:15 | [32mINFO[0m |   World size: 2
💡 16:54:15 | [32mINFO[0m |   Rank: 0
💡 16:54:15 | [32mINFO[0m |   Local rank: 0
💡 16:54:15 | [32mINFO[0m | 💻 系統信息:
💡 16:54:15 | [32mINFO[0m |    Reynolds數: 5000
💡 16:54:15 | [32mINFO[0m |    主網路: 6 層 × 80 神經元
💡 16:54:15 | [32mINFO[0m |    EVM網路: 4 層 × 40 神經元
-----------------------------
N_train_bcs: 2052
💡 16:54:15 | [32mINFO[0m |    訓練點數: 120,000
N_train_equ: 120000
-----------------------------
💡 16:54:15 | [32mINFO[0m |    設備: cuda:0
💡 16:54:15 | [32mINFO[0m |    批次大小: 全批次
📁 載入訓練數據...
-----------------------------
N_train_bcs: 2052
N_train_equ: 120000
-----------------------------
GPU 0: Processing 1026 boundary points out of 2052 total
GPU 0: Processing 60000 equation points out of 120000 total
🚀 開始完整訓練：總共 1,753,000 epochs，分 6 個階段
   預估完成時間將在訓練開始後計算...
============================================================
🔄 Stage 1: alpha_evm=0.05, epochs=3000/3000, lr=1.00e-03
   - 啟用分階段 CosineAnnealing 調度器
     - Stage 1: 3000 epochs CosineAnnealing (end LR: 2.00e-04)
[Epoch 0] Freezing EVM network parameters (DDP-compatible)
  Active parameters: 14 (net only)
💡 16:58:06 | [32mINFO[0m | 🔍 開始系統健康監控 (間隔: 60.0秒)
💡 16:58:06 | [32mINFO[0m | 🎯 訓練健康監控已啟動
💡 16:58:06 | [32mINFO[0m | 🎯 啟動訓練記憶體優化...
💡 16:58:07 | [32mINFO[0m | 🧹 記憶體清理完成: Python GC: 28 objects collected, Aggressive GC: 254 additional objects
💡 16:58:07 | [32mINFO[0m | 🔄 自動記憶體清理已啟動 (間隔: 180.0秒)
💡 16:58:07 | [32mINFO[0m |    記憶體優化設置已應用
💡 16:58:07 | [32mINFO[0m | === 訓練配置 (全批次) ===
💡 16:58:07 | [32mINFO[0m | 階段: Stage 1
💡 16:58:07 | [32mINFO[0m | 訓練點總數: 120,000
💡 16:58:07 | [32mINFO[0m | 實際GPU數據點: 60,000
💡 16:58:07 | [32mINFO[0m | 訓練模式: 全批次 (無DataLoader)
💡 16:58:07 | [32mINFO[0m | 總epochs: 3,000
💡 16:58:07 | [32mINFO[0m | DDP模式: 啟用
💡 16:58:07 | [32mINFO[0m | 數值精度: Float32 (完整精度)
💡 16:58:07 | [32mINFO[0m | GPU記憶體 - 已分配: 0.01GB, 已保留: 0.02GB
💡 16:58:07 | [32mINFO[0m | ==================================================

================================================================================
🔥 Stage 1 - 初始化階段
   Epoch: 1 / 3,000
   學習率: 1.00e-03 | 資料點: 60,000
   損失 - 總: 3.646e+00 | 方程: 8.802e-03 | 邊界: 1.928e-01
   (時間預估將在第10個epoch後提供)
================================================================================

💡 16:58:13 | [32mINFO[0m | 🏥 === 系統健康報告 ===
💡 16:58:13 | [32mINFO[0m |    CPU: 2.1% (平均: 3.2%)
💡 16:58:13 | [32mINFO[0m |    記憶體: 4.1% (109.7GB 總計)
💡 16:58:13 | [32mINFO[0m |    進程記憶體: 1849.5MB (平均: 1769.4MB)
💡 16:58:13 | [32mINFO[0m |    GPU 0: 0.0% 使用率, 0.1% 記憶體
💡 16:58:13 | [32mINFO[0m |    GPU 1: 0.0% 使用率, 0.0% 記憶體
💡 16:58:13 | [32mINFO[0m |    磁碟: 32.2% (97.9GB 總計)
💡 16:58:13 | [32mINFO[0m | ==============================
💡 16:58:13 | [32mINFO[0m | 🧠 === 記憶體使用報告 ===
💡 16:58:13 | [32mINFO[0m |    CPU記憶體: 4.1% (3574MB)
💡 16:58:13 | [32mINFO[0m |    進程記憶體: 1858MB
💡 16:58:13 | [32mINFO[0m |    GPU記憶體: 0.1% (19MB 已分配)
💡 16:58:13 | [32mINFO[0m |    GPU快取: 3796MB
💡 16:58:13 | [32mINFO[0m |    Python對象: 622,018
💡 16:58:13 | [32mINFO[0m |    Tensor緩存: 0 項 (0.0MB)
💡 16:58:13 | [32mINFO[0m |    緩存命中率: 0.0%
💡 16:58:13 | [32mINFO[0m | ==============================
[Epoch 1] Freezing EVM network parameters (DDP-compatible)
  Active parameters: 14 (net only)

====================================================================================================
🔥 Stage 1 | 訓練進度報告
====================================================================================================
📊 進度: [█████████████---------------------------] 33.3%
   Epoch: 1,000 / 3,000
   資料點: 60,000 | 學習率: 8.00e-04

📈 損失狀況:
   總損失:   1.441e-01 📊
   方程總損失: 1.858e-02
   Navier-Stokes X損失: 1.283e-02
   Navier-Stokes Y損失: 1.748e-03
   連續性方程損失: 4.953e-03
   熵殘差損失: 7.340e-02
   邊界損失: 1.048e-02
   收斂趨勢: 收集數據中...

⏰ 時間分析:
   單epoch平均: 0.31s (193.3 epochs/min)
   階段已耗時: 5m 38s
   階段預估剩餘: 11m 17s
   階段總預估: 16m 55s
   累計訓練時間: 5m 38s

💾 系統狀態:
   GPU記憶體: 0.02GB / 15.89GB (0.1%) 🟢 正常
   保留記憶體: 3.73GB

🚀 效率指標:
   資料處理速度: 193,300 points/sec
   Alpha EVM: 0.05
====================================================================================================


====================================================================================================
🔥 Stage 1 | 訓練進度報告
====================================================================================================
📊 進度: [██████████████████████████--------------] 66.7%
   Epoch: 2,000 / 3,000
   資料點: 60,000 | 學習率: 4.00e-04

📈 損失狀況:
   總損失:   1.178e-01 📊
   方程總損失: 2.089e-02
   Navier-Stokes X損失: 1.732e-02
   Navier-Stokes Y損失: 1.928e-03
   連續性方程損失: 4.496e-03
   熵殘差損失: 7.241e-02
   邊界損失: 7.609e-03
   收斂趨勢: 收集數據中...

⏰ 時間分析:
   單epoch平均: 0.32s (188.5 epochs/min)
   階段已耗時: 11m 9s
   階段預估剩餘: 5m 34s
   階段總預估: 16m 43s
   累計訓練時間: 11m 9s

💾 系統狀態:
   GPU記憶體: 0.02GB / 15.89GB (0.1%) 🟢 正常
   保留記憶體: 3.73GB

🚀 效率指標:
   資料處理速度: 188,522 points/sec
   Alpha EVM: 0.05
====================================================================================================


====================================================================================================
🔥 Stage 1 | 訓練進度報告
====================================================================================================
📊 進度: [████████████████████████████████████████] 100.0%
   Epoch: 3,000 / 3,000
   資料點: 60,000 | 學習率: 2.00e-04

📈 損失狀況:
   總損失:   9.441e-02 📊
   方程總損失: 2.087e-02
   Navier-Stokes X損失: 1.625e-02
   Navier-Stokes Y損失: 3.456e-03
   連續性方程損失: 4.546e-03
   熵殘差損失: 7.542e-02
   邊界損失: 6.038e-03
   收斂趨勢: 收集數據中...

⏰ 時間分析:
   單epoch平均: 0.30s (197.3 epochs/min)
   階段已耗時: 16m 42s
   階段預估剩餘: 0.0s
   階段總預估: 16m 42s
   累計訓練時間: 16m 42s

💾 系統狀態:
   GPU記憶體: 0.02GB / 15.89GB (0.1%) 🟢 正常
   保留記憶體: 3.73GB

🚀 效率指標:
   資料處理速度: 197,265 points/sec
   Alpha EVM: 0.05
====================================================================================================

💡 17:14:48 | [32mINFO[0m | 💾 檢查點已保存: /home/junyi/NSFnet/ev-NSFnet/results/Re5000/6x80_Nf120k_lamB10_alpha0.05Stage_1/checkpoint_epoch_2999.pth (epoch 2999)
💡 17:14:48 | [32mINFO[0m | 🧹 訓練階段結束，執行最終記憶體清理...
💡 17:14:49 | [32mINFO[0m | 🧹 記憶體清理完成: Python GC: 970 objects collected, Aggressive GC: 254 additional objects
💡 17:14:49 | [32mINFO[0m | 📊 訓練記憶體摘要: 峰值=18.9MB, 清理次數=0, 緩存命中率=0.0%
✅ Stage 1 完成！耗時: 0.28 小時
------------------------
Error u: 91.908 %
Error v: 97.294 %
Error p: 497.099 %
------------------------
------------------------------------------------------------
🔄 Stage 2: alpha_evm=0.03, epochs=350000/350000, lr=2.00e-04
   - 啟用分階段 CosineAnnealing 調度器
     - Stage 2: 350000 epochs CosineAnnealing (end LR: 4.00e-05)
[Epoch 0] Freezing EVM network parameters (DDP-compatible)
  Active parameters: 14 (net only)
💡 17:14:49 | [32mINFO[0m | 🎯 啟動訓練記憶體優化...
💡 17:14:51 | [32mINFO[0m | 🧹 記憶體清理完成: Python GC: 351 objects collected, Aggressive GC: 254 additional objects
💡 17:14:51 | [32mINFO[0m |    記憶體優化設置已應用
💡 17:14:51 | [32mINFO[0m | === 訓練配置 (全批次) ===
💡 17:14:51 | [32mINFO[0m | 階段: Stage 2
💡 17:14:51 | [32mINFO[0m | 訓練點總數: 120,000
💡 17:14:51 | [32mINFO[0m | 實際GPU數據點: 60,000
💡 17:14:51 | [32mINFO[0m | 訓練模式: 全批次 (無DataLoader)
💡 17:14:51 | [32mINFO[0m | 總epochs: 350,000
💡 17:14:51 | [32mINFO[0m | DDP模式: 啟用
💡 17:14:51 | [32mINFO[0m | 數值精度: Float32 (完整精度)
💡 17:14:51 | [32mINFO[0m | GPU記憶體 - 已分配: 0.02GB, 已保留: 0.05GB
💡 17:14:51 | [32mINFO[0m | ==================================================

====================================================================================================
🔥 Stage 2 | 訓練進度報告
====================================================================================================
📊 進度: [----------------------------------------] 0.0%
   Epoch: 1 / 350,000
   資料點: 60,000 | 學習率: 2.00e-04

📈 損失狀況:
   總損失:   9.439e-02 📊
   方程總損失: 2.086e-02
   Navier-Stokes X損失: 1.624e-02
   Navier-Stokes Y損失: 3.460e-03
   連續性方程損失: 4.544e-03
   熵殘差損失: 7.544e-02
   邊界損失: 6.036e-03
   收斂趨勢: 收集數據中...

⏰ 時間分析:
   單epoch平均: 0.31s (196.0 epochs/min)
   階段已耗時: 3.1s
   階段預估剩餘: 12d 12h
   階段總預估: 12d 12h
   累計訓練時間: 16m 46s

💾 系統狀態:
   GPU記憶體: 0.02GB / 15.89GB (0.1%) 🟢 正常
   保留記憶體: 3.73GB

🚀 效率指標:
   資料處理速度: 196,044 points/sec
   Alpha EVM: 0.03
====================================================================================================

💡 17:14:52 | [32mINFO[0m | 🏥 === 系統健康報告 ===
💡 17:14:52 | [32mINFO[0m |    CPU: 2.8% (平均: 12.2%)
💡 17:14:52 | [32mINFO[0m |    記憶體: 5.2% (109.7GB 總計)
💡 17:14:52 | [32mINFO[0m |    進程記憶體: 2482.1MB (平均: 2536.6MB)
💡 17:14:52 | [32mINFO[0m |    GPU 0: 0.0% 使用率, 0.1% 記憶體
💡 17:14:52 | [32mINFO[0m |    GPU 1: 0.0% 使用率, 0.0% 記憶體
💡 17:14:52 | [32mINFO[0m |    磁碟: 32.2% (97.9GB 總計)
💡 17:14:52 | [32mINFO[0m | ==============================
💡 17:14:52 | [32mINFO[0m | 🧠 === 記憶體使用報告 ===
💡 17:14:52 | [32mINFO[0m |    CPU記憶體: 5.2% (4873MB)
💡 17:14:52 | [32mINFO[0m |    進程記憶體: 2482MB
💡 17:14:52 | [32mINFO[0m |    GPU記憶體: 0.1% (19MB 已分配)
💡 17:14:52 | [32mINFO[0m |    GPU快取: 3816MB
💡 17:14:52 | [32mINFO[0m |    Python對象: 623,048
💡 17:14:52 | [32mINFO[0m |    Tensor緩存: 0 項 (0.0MB)
💡 17:14:52 | [32mINFO[0m |    緩存命中率: 0.0%
💡 17:14:52 | [32mINFO[0m | ==============================
[Epoch 1] Freezing EVM network parameters (DDP-compatible)
  Active parameters: 14 (net only)

====================================================================================================
🔥 Stage 2 | 訓練進度報告
====================================================================================================
📊 進度: [----------------------------------------] 0.3%
   Epoch: 1,000 / 350,000
   資料點: 60,000 | 學習率: 2.00e-04

📈 損失狀況:
   總損失:   7.722e-02 📊
   方程總損失: 1.922e-02
   Navier-Stokes X損失: 1.161e-02
   Navier-Stokes Y損失: 5.392e-03
   連續性方程損失: 3.166e-03
   熵殘差損失: 7.854e-02
   邊界損失: 3.931e-03
   收斂趨勢: 收集數據中...

⏰ 時間分析:
   單epoch平均: 0.34s (177.8 epochs/min)
   階段已耗時: 5m 43s
   階段預估剩餘: 1d 9h
   階段總預估: 1d 9h
   累計訓練時間: 22m 26s

💾 系統狀態:
   GPU記憶體: 0.02GB / 15.89GB (0.1%) 🟢 正常
   保留記憶體: 3.73GB

🚀 效率指標:
   資料處理速度: 177,750 points/sec
   Alpha EVM: 0.03
====================================================================================================


====================================================================================================
🔥 Stage 2 | 訓練進度報告
====================================================================================================
📊 進度: [----------------------------------------] 0.6%
   Epoch: 2,000 / 350,000
   資料點: 60,000 | 學習率: 2.00e-04

📈 損失狀況:
   總損失:   6.417e-02 📊
   方程總損失: 1.943e-02
   Navier-Stokes X損失: 1.065e-02
   Navier-Stokes Y損失: 6.753e-03
   連續性方程損失: 4.184e-03
   熵殘差損失: 7.874e-02
   邊界損失: 2.980e-03
   收斂趨勢: 收集數據中...

⏰ 時間分析:
   單epoch平均: 0.31s (190.5 epochs/min)
   階段已耗時: 11m 26s
   階段預估剩餘: 1d 9h
   階段總預估: 1d 9h
   累計訓練時間: 28m 9s

💾 系統狀態:
   GPU記憶體: 0.02GB / 15.89GB (0.1%) 🟢 正常
   保留記憶體: 3.73GB

🚀 效率指標:
   資料處理速度: 190,512 points/sec
   Alpha EVM: 0.03
====================================================================================================


====================================================================================================
🔥 Stage 2 | 訓練進度報告
====================================================================================================
📊 進度: [----------------------------------------] 0.9%
   Epoch: 3,000 / 350,000
   資料點: 60,000 | 學習率: 2.00e-04

📈 損失狀況:
   總損失:   5.402e-02 📊
   方程總損失: 1.740e-02
   Navier-Stokes X損失: 6.326e-03
   Navier-Stokes Y損失: 7.583e-03
   連續性方程損失: 4.024e-03
   熵殘差損失: 7.752e-02
   邊界損失: 2.391e-03
   收斂趨勢: 收集數據中...

⏰ 時間分析:
   單epoch平均: 0.31s (191.4 epochs/min)
   階段已耗時: 17m 5s
   階段預估剩餘: 1d 8h
   階段總預估: 1d 9h
   累計訓練時間: 33m 48s

💾 系統狀態:
   GPU記憶體: 0.02GB / 15.89GB (0.1%) 🟢 正常
   保留記憶體: 3.73GB

🚀 效率指標:
   資料處理速度: 191,404 points/sec
   Alpha EVM: 0.03
====================================================================================================

