Loading modulefiles version 2021.11
=== GPU Information ===
Tesla P100-PCIE-16GB, 6.0, 16384
Tesla P100-PCIE-16GB, 6.0, 16384
=======================
Job start: Mon Jul 28 16:02:01 UTC 2025
🔗 初始化分布式訓練...
📡 分布式訓練設置完成: 2 GPUs
   - Backend: NCCL
   - 每個進程負責 GPU 0
📂 載入配置文件: configs/production.yaml
============================================================
🔧 實驗配置: NSFnet_Re5000_Production
📝 描述: 高精度Physics-Informed Neural Network for Re=5000 Lid-Driven Cavity Flow
============================================================
🧠 網路架構:
   主網路: 6 層 × 80 神經元
   EVM網路: 4 層 × 40 神經元
🎯 訓練設定:
   方程點數: 120,000
   批次大小: 全批次
   總階段數: 6
⚡ 物理參數:
   Reynolds數: 5000
   初始α_EVM: 0.03
💻 系統配置:
   設備: auto
   精度: float32
   TensorBoard: 啟用
============================================================
🚀 創建PINN實例...
💡 16:02:20 | [32mINFO[0m | 📊 TensorBoard log directory: runs/NSFnet_Re5000_20250728_160220
💡 16:02:20 | [32mINFO[0m | 🔍 系統信息初始化完成
💡 16:02:20 | [32mINFO[0m |    CPU: 48 核心
💡 16:02:20 | [32mINFO[0m |    記憶體: 109.7 GB
💡 16:02:20 | [32mINFO[0m |    GPU: 0 個設備
💡 16:02:20 | [32mINFO[0m |    磁碟: 97.9 GB
💡 16:02:20 | [32mINFO[0m | 🧠 記憶體管理器初始化完成
⚠️ 16:02:20 | [33mWARNING[0m | ⚠️ 跳過 torch.compile 優化 - GPU CUDA capability 6.0 < 7.0 (不支援Triton)
💡 16:02:20 | [32mINFO[0m |    使用標準PyTorch eager模式訓練
💡 16:02:21 | [32mINFO[0m | Distributed training setup:
💡 16:02:21 | [32mINFO[0m |   World size: 2
💡 16:02:21 | [32mINFO[0m |   Rank: 0
💡 16:02:21 | [32mINFO[0m |   Local rank: 0
💡 16:02:21 | [32mINFO[0m | 💻 系統信息:
💡 16:02:21 | [32mINFO[0m |    Reynolds數: 5000
💡 16:02:21 | [32mINFO[0m |    主網路: 6 層 × 80 神經元
💡 16:02:21 | [32mINFO[0m |    EVM網路: 4 層 × 40 神經元
💡 16:02:21 | [32mINFO[0m |    訓練點數: 120,000
💡 16:02:21 | [32mINFO[0m |    設備: cuda:0
💡 16:02:21 | [32mINFO[0m |    批次大小: 全批次
📁 載入訓練數據...
-----------------------------
N_train_bcs: 2052
N_train_equ: 120000
-----------------------------
-----------------------------
N_train_bcs: 2052
N_train_equ: 120000
-----------------------------
GPU 0: Processing 1026 boundary points out of 2052 total
GPU 0: Processing 60000 equation points out of 120000 total
🚀 開始完整訓練：總共 2,100,000 epochs，分 6 個階段
   預估完成時間將在訓練開始後計算...
============================================================
🔄 Stage 1: alpha_evm=0.05, epochs=350000/350000, lr=1.00e-03
   - 啟用分階段 CosineAnnealing 調度器
     - 階段 1: 10000 epochs Warmup + 340000 epochs CosineAnnealing (end LR: 2.00e-04)
[Epoch 0] Freezing EVM network parameters (DDP-compatible)
  Active parameters: 14 (net only)
💡 16:06:22 | [32mINFO[0m | 🔍 開始系統健康監控 (間隔: 60.0秒)
💡 16:06:22 | [32mINFO[0m | 🎯 訓練健康監控已啟動
💡 16:06:22 | [32mINFO[0m | 🎯 啟動訓練記憶體優化...
💡 16:06:22 | [32mINFO[0m | 🧹 記憶體清理完成: Python GC: 40 objects collected, Aggressive GC: 254 additional objects
💡 16:06:22 | [32mINFO[0m | 🔄 自動記憶體清理已啟動 (間隔: 180.0秒)
💡 16:06:22 | [32mINFO[0m |    記憶體優化設置已應用
💡 16:06:22 | [32mINFO[0m | === 訓練配置 (全批次) ===
💡 16:06:22 | [32mINFO[0m | 階段: Stage 1
💡 16:06:22 | [32mINFO[0m | 訓練點總數: 120,000
💡 16:06:22 | [32mINFO[0m | 實際GPU數據點: 60,000
💡 16:06:22 | [32mINFO[0m | 訓練模式: 全批次 (無DataLoader)
💡 16:06:22 | [32mINFO[0m | 總epochs: 350,000
💡 16:06:22 | [32mINFO[0m | DDP模式: 啟用
💡 16:06:22 | [32mINFO[0m | 數值精度: Float32 (完整精度)
💡 16:06:22 | [32mINFO[0m | GPU記憶體 - 已分配: 0.01GB, 已保留: 0.02GB
💡 16:06:22 | [32mINFO[0m | ==================================================

================================================================================
🔥 Stage 1 - 初始化階段
   Epoch: 1 / 350,000
   學習率: 2.00e-03 | 資料點: 60,000
   損失 - 總: 4.775e+00 | 方程: 2.112e-03 | 邊界: 2.393e-01
   (時間預估將在第10個epoch後提供)
================================================================================

💡 16:06:24 | [32mINFO[0m | 🏥 === 系統健康報告 ===
💡 16:06:24 | [32mINFO[0m |    CPU: 2.1% (平均: 4.2%)
💡 16:06:24 | [32mINFO[0m |    記憶體: 4.0% (109.7GB 總計)
💡 16:06:24 | [32mINFO[0m |    進程記憶體: 1820.1MB (平均: 1778.0MB)
💡 16:06:24 | [32mINFO[0m |    GPU 0: 0.0% 使用率, 0.1% 記憶體
💡 16:06:24 | [32mINFO[0m |    GPU 1: 0.0% 使用率, 0.0% 記憶體
💡 16:06:24 | [32mINFO[0m |    磁碟: 32.2% (97.9GB 總計)
💡 16:06:24 | [32mINFO[0m | ==============================
💡 16:06:24 | [32mINFO[0m | 🧠 === 記憶體使用報告 ===
💡 16:06:24 | [32mINFO[0m |    CPU記憶體: 4.0% (3528MB)
💡 16:06:24 | [32mINFO[0m |    進程記憶體: 1829MB
💡 16:06:24 | [32mINFO[0m |    GPU記憶體: 0.1% (19MB 已分配)
💡 16:06:24 | [32mINFO[0m |    GPU快取: 3796MB
💡 16:06:24 | [32mINFO[0m |    Python對象: 622,312
💡 16:06:24 | [32mINFO[0m |    Tensor緩存: 0 項 (0.0MB)
💡 16:06:24 | [32mINFO[0m |    緩存命中率: 0.0%
💡 16:06:24 | [32mINFO[0m | ==============================
[Epoch 1] Freezing EVM network parameters (DDP-compatible)
  Active parameters: 14 (net only)

====================================================================================================
🔥 Stage 1 | 訓練進度報告
====================================================================================================
📊 進度: [----------------------------------------] 0.3%
   Epoch: 1,000 / 350,000
   資料點: 60,000 | 學習率: 1.00e+00

📈 損失狀況:
   總損失:   9.432e+02 📊
   方程損失: 1.491e-03
   邊界損失: 9.417e+01
   收斂趨勢: 收集數據中...

⏰ 時間分析:
   單epoch平均: 0.14s (432.6 epochs/min)
   階段已耗時: 2m 35s
   階段預估剩餘: 14h 59m
   階段總預估: 15h 2m
   累計訓練時間: 2m 35s

💾 系統狀態:
   GPU記憶體: 0.02GB / 15.89GB (0.1%) 🟢 正常
   保留記憶體: 3.73GB

🚀 效率指標:
   資料處理速度: 432,630 points/sec
   Alpha EVM: 0.05
====================================================================================================


====================================================================================================
🔥 Stage 1 | 訓練進度報告
====================================================================================================
📊 進度: [----------------------------------------] 0.6%
   Epoch: 2,000 / 350,000
   資料點: 60,000 | 學習率: 2.00e+00

📈 損失狀況:
   總損失:   1.297e+03 📊
   方程損失: 1.491e-03
   邊界損失: 1.243e+02
   收斂趨勢: 收集數據中...

⏰ 時間分析:
   單epoch平均: 0.14s (433.4 epochs/min)
   階段已耗時: 5m 6s
   階段預估剩餘: 14h 47m
   階段總預估: 14h 52m
   累計訓練時間: 5m 6s

💾 系統狀態:
   GPU記憶體: 0.02GB / 15.89GB (0.1%) 🟢 正常
   保留記憶體: 3.73GB

🚀 效率指標:
   資料處理速度: 433,446 points/sec
   Alpha EVM: 0.05
====================================================================================================


====================================================================================================
🔥 Stage 1 | 訓練進度報告
====================================================================================================
📊 進度: [----------------------------------------] 0.9%
   Epoch: 3,000 / 350,000
   資料點: 60,000 | 學習率: 3.00e+00

📈 損失狀況:
   總損失:   2.995e+03 📊
   方程損失: 1.491e-03
   邊界損失: 2.994e+02
   收斂趨勢: 收集數據中...

⏰ 時間分析:
   單epoch平均: 0.14s (431.1 epochs/min)
   階段已耗時: 7m 37s
   階段預估剩餘: 14h 41m
   階段總預估: 14h 49m
   累計訓練時間: 7m 37s

💾 系統狀態:
   GPU記憶體: 0.02GB / 15.89GB (0.1%) 🟢 正常
   保留記憶體: 3.73GB

🚀 效率指標:
   資料處理速度: 431,060 points/sec
   Alpha EVM: 0.05
====================================================================================================


====================================================================================================
🔥 Stage 1 | 訓練進度報告
====================================================================================================
📊 進度: [----------------------------------------] 1.1%
   Epoch: 4,000 / 350,000
   資料點: 60,000 | 學習率: 4.00e+00

📈 損失狀況:
   總損失:   6.465e+03 📊
   方程損失: 1.491e-03
   邊界損失: 6.587e+02
   收斂趨勢: 收集數據中...

⏰ 時間分析:
   單epoch平均: 0.14s (424.3 epochs/min)
   階段已耗時: 10m 10s
   階段預估剩餘: 14h 39m
   階段總預估: 14h 49m
   累計訓練時間: 10m 10s

💾 系統狀態:
   GPU記憶體: 0.02GB / 15.89GB (0.1%) 🟢 正常
   保留記憶體: 3.73GB

🚀 效率指標:
   資料處理速度: 424,334 points/sec
   Alpha EVM: 0.05
====================================================================================================


====================================================================================================
🔥 Stage 1 | 訓練進度報告
====================================================================================================
📊 進度: [----------------------------------------] 1.4%
   Epoch: 5,000 / 350,000
   資料點: 60,000 | 學習率: 5.00e+00

📈 損失狀況:
   總損失:   1.298e+04 📊
   方程損失: 1.491e-03
   邊界損失: 1.297e+03
   收斂趨勢: 收集數據中...

⏰ 時間分析:
   單epoch平均: 0.14s (421.6 epochs/min)
   階段已耗時: 12m 42s
   階段預估剩餘: 14h 36m
   階段總預估: 14h 48m
   累計訓練時間: 12m 42s

💾 系統狀態:
   GPU記憶體: 0.02GB / 15.89GB (0.1%) 🟢 正常
   保留記憶體: 3.73GB

🚀 效率指標:
   資料處理速度: 421,616 points/sec
   Alpha EVM: 0.05
====================================================================================================


====================================================================================================
🔥 Stage 1 | 訓練進度報告
====================================================================================================
📊 進度: [----------------------------------------] 1.7%
   Epoch: 6,000 / 350,000
   資料點: 60,000 | 學習率: 6.00e+00

📈 損失狀況:
   總損失:   7.253e+03 📊
   方程損失: 1.491e-03
   邊界損失: 7.252e+02
   收斂趨勢: 收集數據中...

⏰ 時間分析:
   單epoch平均: 0.14s (431.1 epochs/min)
   階段已耗時: 15m 13s
   階段預估剩餘: 14h 32m
   階段總預估: 14h 48m
   累計訓練時間: 15m 13s

💾 系統狀態:
   GPU記憶體: 0.02GB / 15.89GB (0.1%) 🟢 正常
   保留記憶體: 3.73GB

🚀 效率指標:
   資料處理速度: 431,150 points/sec
   Alpha EVM: 0.05
====================================================================================================


====================================================================================================
🔥 Stage 1 | 訓練進度報告
====================================================================================================
📊 進度: [----------------------------------------] 2.0%
   Epoch: 7,000 / 350,000
   資料點: 60,000 | 學習率: 6.99e+00

📈 損失狀況:
   總損失:   1.118e+04 📊
   方程損失: 1.491e-03
   邊界損失: 1.101e+03
   收斂趨勢: 收集數據中...

⏰ 時間分析:
   單epoch平均: 0.14s (433.2 epochs/min)
   階段已耗時: 17m 47s
   階段預估剩餘: 14h 31m
   階段總預估: 14h 49m
   累計訓練時間: 17m 47s

💾 系統狀態:
   GPU記憶體: 0.02GB / 15.89GB (0.1%) 🟢 正常
   保留記憶體: 3.73GB

🚀 效率指標:
   資料處理速度: 433,172 points/sec
   Alpha EVM: 0.05
====================================================================================================


====================================================================================================
🔥 Stage 1 | 訓練進度報告
====================================================================================================
📊 進度: [----------------------------------------] 2.3%
   Epoch: 8,000 / 350,000
   資料點: 60,000 | 學習率: 7.99e+00

📈 損失狀況:
   總損失:   9.990e+03 📊
   方程損失: 1.491e-03
   邊界損失: 9.839e+02
   收斂趨勢: 收集數據中...

⏰ 時間分析:
   單epoch平均: 0.14s (415.5 epochs/min)
   階段已耗時: 20m 20s
   階段預估剩餘: 14h 29m
   階段總預估: 14h 49m
   累計訓練時間: 20m 20s

💾 系統狀態:
   GPU記憶體: 0.02GB / 15.89GB (0.1%) 🟢 正常
   保留記憶體: 3.73GB

🚀 效率指標:
   資料處理速度: 415,487 points/sec
   Alpha EVM: 0.05
====================================================================================================


====================================================================================================
🔥 Stage 1 | 訓練進度報告
====================================================================================================
📊 進度: [█---------------------------------------] 2.6%
   Epoch: 9,000 / 350,000
   資料點: 60,000 | 學習率: 8.98e+00

📈 損失狀況:
   總損失:   1.150e+04 📊
   方程損失: 1.491e-03
   邊界損失: 1.134e+03
   收斂趨勢: 收集數據中...

⏰ 時間分析:
   單epoch平均: 0.14s (432.4 epochs/min)
   階段已耗時: 22m 52s
   階段預估剩餘: 14h 26m
   階段總預估: 14h 49m
   累計訓練時間: 22m 52s

💾 系統狀態:
   GPU記憶體: 0.02GB / 15.89GB (0.1%) 🟢 正常
   保留記憶體: 3.73GB

🚀 效率指標:
   資料處理速度: 432,427 points/sec
   Alpha EVM: 0.05
====================================================================================================


====================================================================================================
🔥 Stage 1 | 訓練進度報告
====================================================================================================
📊 進度: [█---------------------------------------] 2.9%
   Epoch: 10,000 / 350,000
   資料點: 60,000 | 學習率: 9.98e+00

📈 損失狀況:
   總損失:   1.390e+04 📊
   方程損失: 1.491e-03
   邊界損失: 1.372e+03
   收斂趨勢: 趨勢分析中...

⏰ 時間分析:
   單epoch平均: 0.14s (431.1 epochs/min)
   階段已耗時: 25m 24s
   階段預估剩餘: 14h 23m
   階段總預估: 14h 49m
   累計訓練時間: 25m 24s

💾 系統狀態:
   GPU記憶體: 0.02GB / 15.89GB (0.1%) 🟢 正常
   保留記憶體: 3.73GB

🚀 效率指標:
   資料處理速度: 431,101 points/sec
   Alpha EVM: 0.05
====================================================================================================

[Epoch 10000] Unfreezing EVM network parameters (DDP-compatible)
  Active parameters: 24 (net + net_1)
💡 16:31:48 | [32mINFO[0m | 💾 檢查點已保存: /home/junyi/NSFnet/ev-NSFnet/results/Re5000/6x80_Nf120k_lamB10_alpha0.05Stage_1/checkpoint_epoch_10000.pth (epoch 10000)
[Epoch 10001] Freezing EVM network parameters (DDP-compatible)
  Active parameters: 14 (net only)

====================================================================================================
🔥 Stage 1 | 訓練進度報告
====================================================================================================
📊 進度: [█---------------------------------------] 3.1%
   Epoch: 11,000 / 350,000
   資料點: 60,000 | 學習率: 9.97e+00

📈 損失狀況:
   總損失:   1.378e+04 📈
   方程損失: 8.799e+01
   邊界損失: 1.351e+03
   收斂趨勢: 可能發散，需注意

⏰ 時間分析:
   單epoch平均: 0.14s (432.0 epochs/min)
   階段已耗時: 27m 56s
   階段預估剩餘: 14h 20m
   階段總預估: 14h 48m
   累計訓練時間: 27m 56s

💾 系統狀態:
   GPU記憶體: 0.02GB / 15.89GB (0.1%) 🟢 正常
   保留記憶體: 3.73GB

🚀 效率指標:
   資料處理速度: 432,012 points/sec
   Alpha EVM: 0.05
====================================================================================================


====================================================================================================
🔥 Stage 1 | 訓練進度報告
====================================================================================================
📊 進度: [█---------------------------------------] 3.4%
   Epoch: 12,000 / 350,000
   資料點: 60,000 | 學習率: 9.97e+00

📈 損失狀況:
   總損失:   1.369e+04 📈
   方程損失: 8.799e+01
   邊界損失: 1.343e+03
   收斂趨勢: 可能發散，需注意

⏰ 時間分析:
   單epoch平均: 0.14s (431.2 epochs/min)
   階段已耗時: 30m 28s
   階段預估剩餘: 14h 18m
   階段總預估: 14h 48m
   累計訓練時間: 30m 28s

💾 系統狀態:
   GPU記憶體: 0.02GB / 15.89GB (0.1%) 🟢 正常
   保留記憶體: 3.73GB

🚀 效率指標:
   資料處理速度: 431,183 points/sec
   Alpha EVM: 0.05
====================================================================================================

⚠️ 16:37:47 | [33mWARNING[0m | Extremely large loss detected at epoch 12380: 1.9426994753853247e+20
⚠️ 16:37:48 | [33mWARNING[0m | Extremely large loss detected at epoch 12381: 1.905218639033503e+23
⚠️ 16:37:48 | [33mWARNING[0m | Extremely large loss detected at epoch 12382: 5.235551444235731e+24
⚠️ 16:37:48 | [33mWARNING[0m | Extremely large loss detected at epoch 12383: 3.4906115630852035e+27
⚠️ 16:37:48 | [33mWARNING[0m | Extremely large loss detected at epoch 12384: 1.3317446740029516e+24
⚠️ 16:37:48 | [33mWARNING[0m | Extremely large loss detected at epoch 12385: 5.357842764978102e+23
⚠️ 16:37:48 | [33mWARNING[0m | Extremely large loss detected at epoch 12386: 9.28955491936598e+24
⚠️ 16:37:48 | [33mWARNING[0m | Extremely large loss detected at epoch 12387: 7.951642547658946e+24
⚠️ 16:37:49 | [33mWARNING[0m | Extremely large loss detected at epoch 12388: 1.0700174095210186e+26
⚠️ 16:37:49 | [33mWARNING[0m | Extremely large loss detected at epoch 12389: 4.613073213581731e+26
⚠️ 16:37:49 | [33mWARNING[0m | Extremely large loss detected at epoch 12390: 2.8587343566141387e+26
⚠️ 16:37:49 | [33mWARNING[0m | Extremely large loss detected at epoch 12391: 6.08088978911186e+27
⚠️ 16:37:49 | [33mWARNING[0m | Extremely large loss detected at epoch 12392: 2.9712713751669505e+27
⚠️ 16:37:49 | [33mWARNING[0m | Extremely large loss detected at epoch 12393: 2.255447330818454e+28
⚠️ 16:37:49 | [33mWARNING[0m | Extremely large loss detected at epoch 12394: 9.835935316337486e+29
⚠️ 16:37:50 | [33mWARNING[0m | Extremely large loss detected at epoch 12395: 1.002524285215387e+28
⚠️ 16:37:50 | [33mWARNING[0m | Extremely large loss detected at epoch 12396: 3.354916262214584e+24
⚠️ 16:37:50 | [33mWARNING[0m | Extremely large loss detected at epoch 12397: 5.924538949478889e+26
⚠️ 16:37:50 | [33mWARNING[0m | Extremely large loss detected at epoch 12398: 1.1071991280445894e+26
⚠️ 16:37:50 | [33mWARNING[0m | Extremely large loss detected at epoch 12399: 1.9084673804485153e+27
⚠️ 16:37:50 | [33mWARNING[0m | Extremely large loss detected at epoch 12400: 1.5392606441418217e+29
⚠️ 16:37:51 | [33mWARNING[0m | ⚕️ 系統健康檢查發現問題，考慮調整訓練參數
⚠️ 16:37:51 | [33mWARNING[0m | 🚨 執行緊急系統清理...
💡 16:37:52 | [32mINFO[0m |    GPU記憶體快取已清理
💡 16:37:52 | [32mINFO[0m |    Python垃圾回收已執行
⚠️ 16:37:52 | [33mWARNING[0m | Extremely large loss detected at epoch 12401: 1.932303820418705e+28
⚠️ 16:37:52 | [33mWARNING[0m | Extremely large loss detected at epoch 12402: 2.911076070586086e+25
⚠️ 16:37:52 | [33mWARNING[0m | Extremely large loss detected at epoch 12403: 4.9039380740321154e+29
⚠️ 16:37:52 | [33mWARNING[0m | Extremely large loss detected at epoch 12404: 3.10732046614216e+26
⚠️ 16:37:52 | [33mWARNING[0m | Extremely large loss detected at epoch 12405: 1.539366478277661e+27
⚠️ 16:37:53 | [33mWARNING[0m | Extremely large loss detected at epoch 12406: 1.7555261632031524e+27
⚠️ 16:37:53 | [33mWARNING[0m | Extremely large loss detected at epoch 12407: 1.288506549288138e+27
⚠️ 16:37:53 | [33mWARNING[0m | Extremely large loss detected at epoch 12408: 8.369431670845799e+25
⚠️ 16:37:53 | [33mWARNING[0m | Extremely large loss detected at epoch 12409: 2.0949076488134106e+28
🚨 16:37:53 | [31mERROR[0m | 損失值異常 at epoch 12409: component_0 loss = inf
💀 16:37:53 | [35mCRITICAL[0m | Critical error at epoch 12409, stopping training...
✅ Stage 1 完成！耗時: 0.53 小時
------------------------
Error u: 132681.533 %
Error v: 1211413.353 %
Error p: 291590.487 %
------------------------
------------------------------------------------------------
🔄 Stage 2: alpha_evm=0.03, epochs=350000/350000, lr=2.00e-04
   - 啟用分階段 CosineAnnealing 調度器
     - Stage 2: 350000 epochs CosineAnnealing (end LR: 4.00e-05)
[Epoch 0] Freezing EVM network parameters (DDP-compatible)
  Active parameters: 14 (net only)
💡 16:37:53 | [32mINFO[0m | 🎯 啟動訓練記憶體優化...
💡 16:37:54 | [32mINFO[0m | 🧹 記憶體清理完成: Python GC: 737 objects collected, Aggressive GC: 254 additional objects
💡 16:37:54 | [32mINFO[0m |    記憶體優化設置已應用
💡 16:37:54 | [32mINFO[0m | === 訓練配置 (全批次) ===
💡 16:37:54 | [32mINFO[0m | 階段: Stage 2
💡 16:37:54 | [32mINFO[0m | 訓練點總數: 120,000
💡 16:37:54 | [32mINFO[0m | 實際GPU數據點: 60,000
💡 16:37:54 | [32mINFO[0m | 訓練模式: 全批次 (無DataLoader)
💡 16:37:54 | [32mINFO[0m | 總epochs: 350,000
💡 16:37:54 | [32mINFO[0m | DDP模式: 啟用
💡 16:37:54 | [32mINFO[0m | 數值精度: Float32 (完整精度)
💡 16:37:54 | [32mINFO[0m | GPU記憶體 - 已分配: 3.32GB, 已保留: 3.65GB
💡 16:37:54 | [32mINFO[0m | ==================================================
⚠️ 16:37:54 | [33mWARNING[0m | Extremely large loss detected at epoch 0: 2.0949076488134106e+28
🚨 16:37:54 | [31mERROR[0m | 損失值異常 at epoch 0: component_0 loss = inf
💀 16:37:54 | [35mCRITICAL[0m | Critical error at epoch 0, stopping training...
✅ Stage 2 完成！耗時: 0.00 小時
------------------------
Error u: 132681.533 %
Error v: 1211413.353 %
Error p: 291590.487 %
------------------------
------------------------------------------------------------
🔄 Stage 3: alpha_evm=0.01, epochs=350000/350000, lr=4.00e-05
   - 啟用分階段 CosineAnnealing 調度器
     - Stage 3: 350000 epochs CosineAnnealing (end LR: 1.00e-05)
[Epoch 0] Freezing EVM network parameters (DDP-compatible)
  Active parameters: 14 (net only)
💡 16:37:54 | [32mINFO[0m | 🎯 啟動訓練記憶體優化...
💡 16:37:55 | [32mINFO[0m | 🧹 記憶體清理完成: Python GC: 347 objects collected, Aggressive GC: 254 additional objects
💡 16:37:55 | [32mINFO[0m |    記憶體優化設置已應用
💡 16:37:55 | [32mINFO[0m | === 訓練配置 (全批次) ===
💡 16:37:55 | [32mINFO[0m | 階段: Stage 3
💡 16:37:55 | [32mINFO[0m | 訓練點總數: 120,000
💡 16:37:55 | [32mINFO[0m | 實際GPU數據點: 60,000
💡 16:37:55 | [32mINFO[0m | 訓練模式: 全批次 (無DataLoader)
💡 16:37:55 | [32mINFO[0m | 總epochs: 350,000
💡 16:37:55 | [32mINFO[0m | DDP模式: 啟用
💡 16:37:55 | [32mINFO[0m | 數值精度: Float32 (完整精度)
💡 16:37:55 | [32mINFO[0m | GPU記憶體 - 已分配: 3.32GB, 已保留: 3.68GB
💡 16:37:55 | [32mINFO[0m | ==================================================
⚠️ 16:37:55 | [33mWARNING[0m | Extremely large loss detected at epoch 0: 2.0949076488134106e+28
🚨 16:37:55 | [31mERROR[0m | 損失值異常 at epoch 0: component_0 loss = inf
💀 16:37:55 | [35mCRITICAL[0m | Critical error at epoch 0, stopping training...
✅ Stage 3 完成！耗時: 0.00 小時
------------------------
Error u: 132681.533 %
Error v: 1211413.353 %
Error p: 291590.487 %
------------------------
------------------------------------------------------------
🔄 Stage 4: alpha_evm=0.005, epochs=350000/350000, lr=1.00e-05
   - 啟用分階段 CosineAnnealing 調度器
     - Stage 4: 350000 epochs CosineAnnealing (end LR: 2.00e-06)
[Epoch 0] Freezing EVM network parameters (DDP-compatible)
  Active parameters: 14 (net only)
💡 16:37:55 | [32mINFO[0m | 🎯 啟動訓練記憶體優化...
💡 16:37:56 | [32mINFO[0m | 🧹 記憶體清理完成: Python GC: 347 objects collected, Aggressive GC: 254 additional objects
💡 16:37:56 | [32mINFO[0m |    記憶體優化設置已應用
💡 16:37:56 | [32mINFO[0m | === 訓練配置 (全批次) ===
💡 16:37:56 | [32mINFO[0m | 階段: Stage 4
💡 16:37:56 | [32mINFO[0m | 訓練點總數: 120,000
💡 16:37:56 | [32mINFO[0m | 實際GPU數據點: 60,000
💡 16:37:56 | [32mINFO[0m | 訓練模式: 全批次 (無DataLoader)
💡 16:37:56 | [32mINFO[0m | 總epochs: 350,000
💡 16:37:56 | [32mINFO[0m | DDP模式: 啟用
💡 16:37:56 | [32mINFO[0m | 數值精度: Float32 (完整精度)
💡 16:37:56 | [32mINFO[0m | GPU記憶體 - 已分配: 3.32GB, 已保留: 3.66GB
💡 16:37:56 | [32mINFO[0m | ==================================================
⚠️ 16:37:56 | [33mWARNING[0m | Extremely large loss detected at epoch 0: 2.0949076488134106e+28
🚨 16:37:56 | [31mERROR[0m | 損失值異常 at epoch 0: component_0 loss = inf
💀 16:37:56 | [35mCRITICAL[0m | Critical error at epoch 0, stopping training...
✅ Stage 4 完成！耗時: 0.00 小時
------------------------
Error u: 132681.533 %
Error v: 1211413.353 %
Error p: 291590.487 %
------------------------
------------------------------------------------------------
🔄 Stage 5: alpha_evm=0.002, epochs=350000/350000, lr=2.00e-06
   - 啟用分階段 CosineAnnealing 調度器
     - Stage 5: 350000 epochs CosineAnnealing (end LR: 2.00e-06)
[Epoch 0] Freezing EVM network parameters (DDP-compatible)
  Active parameters: 14 (net only)
💡 16:37:56 | [32mINFO[0m | 🎯 啟動訓練記憶體優化...
💡 16:37:57 | [32mINFO[0m | 🧹 記憶體清理完成: Python GC: 347 objects collected, Aggressive GC: 127 additional objects
💡 16:37:57 | [32mINFO[0m |    記憶體優化設置已應用
💡 16:37:57 | [32mINFO[0m | === 訓練配置 (全批次) ===
💡 16:37:57 | [32mINFO[0m | 階段: Stage 5
💡 16:37:57 | [32mINFO[0m | 訓練點總數: 120,000
💡 16:37:57 | [32mINFO[0m | 實際GPU數據點: 60,000
💡 16:37:57 | [32mINFO[0m | 訓練模式: 全批次 (無DataLoader)
💡 16:37:57 | [32mINFO[0m | 總epochs: 350,000
💡 16:37:57 | [32mINFO[0m | DDP模式: 啟用
💡 16:37:57 | [32mINFO[0m | 數值精度: Float32 (完整精度)
💡 16:37:57 | [32mINFO[0m | GPU記憶體 - 已分配: 3.32GB, 已保留: 3.68GB
💡 16:37:57 | [32mINFO[0m | ==================================================
⚠️ 16:37:57 | [33mWARNING[0m | Extremely large loss detected at epoch 0: 2.0949076488134106e+28
🚨 16:37:57 | [31mERROR[0m | 損失值異常 at epoch 0: component_0 loss = inf
💀 16:37:57 | [35mCRITICAL[0m | Critical error at epoch 0, stopping training...
✅ Stage 5 完成！耗時: 0.00 小時
------------------------
Error u: 132681.533 %
Error v: 1211413.353 %
Error p: 291590.487 %
------------------------
------------------------------------------------------------
🔄 Stage 6: alpha_evm=0.002, epochs=350000/350000, lr=2.00e-06
   - 啟用分階段 CosineAnnealing 調度器
     - Stage 6: 350000 epochs CosineAnnealing (end LR: 2.00e-06)
[Epoch 0] Freezing EVM network parameters (DDP-compatible)
  Active parameters: 14 (net only)
💡 16:37:57 | [32mINFO[0m | 🎯 啟動訓練記憶體優化...
💡 16:37:58 | [32mINFO[0m | 🧹 記憶體清理完成: Python GC: 347 objects collected, Aggressive GC: 254 additional objects
💡 16:37:58 | [32mINFO[0m |    記憶體優化設置已應用
💡 16:37:58 | [32mINFO[0m | === 訓練配置 (全批次) ===
💡 16:37:58 | [32mINFO[0m | 階段: Stage 6
💡 16:37:58 | [32mINFO[0m | 訓練點總數: 120,000
💡 16:37:58 | [32mINFO[0m | 實際GPU數據點: 60,000
💡 16:37:58 | [32mINFO[0m | 訓練模式: 全批次 (無DataLoader)
💡 16:37:58 | [32mINFO[0m | 總epochs: 350,000
💡 16:37:58 | [32mINFO[0m | DDP模式: 啟用
💡 16:37:58 | [32mINFO[0m | 數值精度: Float32 (完整精度)
💡 16:37:58 | [32mINFO[0m | GPU記憶體 - 已分配: 3.32GB, 已保留: 3.66GB
💡 16:37:58 | [32mINFO[0m | ==================================================
⚠️ 16:37:58 | [33mWARNING[0m | Extremely large loss detected at epoch 0: 2.0949076488134106e+28
🚨 16:37:58 | [31mERROR[0m | 損失值異常 at epoch 0: component_0 loss = inf
💀 16:37:58 | [35mCRITICAL[0m | Critical error at epoch 0, stopping training...
✅ Stage 6 完成！耗時: 0.00 小時
------------------------
Error u: 132681.533 %
Error v: 1211413.353 %
Error p: 291590.487 %
------------------------
------------------------------------------------------------
🎉 所有訓練階段完成！
============================================================
Job end: Mon Jul 28 16:38:01 UTC 2025
