2025-07-29 17:39:57.290773: E external/local_xla/xla/stream_executor/cuda/cuda_fft.cc:467] Unable to register cuFFT factory: Attempting to register factory for plugin cuFFT when one has already been registered
2025-07-29 17:39:57.296118: E external/local_xla/xla/stream_executor/cuda/cuda_fft.cc:467] Unable to register cuFFT factory: Attempting to register factory for plugin cuFFT when one has already been registered
WARNING: All log messages before absl::InitializeLog() is called are written to STDERR
E0000 00:00:1753810797.310894  424427 cuda_dnn.cc:8579] Unable to register cuDNN factory: Attempting to register factory for plugin cuDNN when one has already been registered
WARNING: All log messages before absl::InitializeLog() is called are written to STDERR
E0000 00:00:1753810797.316082  424428 cuda_dnn.cc:8579] Unable to register cuDNN factory: Attempting to register factory for plugin cuDNN when one has already been registered
E0000 00:00:1753810797.317087  424427 cuda_blas.cc:1407] Unable to register cuBLAS factory: Attempting to register factory for plugin cuBLAS when one has already been registered
E0000 00:00:1753810797.322271  424428 cuda_blas.cc:1407] Unable to register cuBLAS factory: Attempting to register factory for plugin cuBLAS when one has already been registered
W0000 00:00:1753810797.334709  424427 computation_placer.cc:177] computation placer already registered. Please check linkage and avoid linking the same target more than once.
W0000 00:00:1753810797.334738  424427 computation_placer.cc:177] computation placer already registered. Please check linkage and avoid linking the same target more than once.
W0000 00:00:1753810797.334741  424427 computation_placer.cc:177] computation placer already registered. Please check linkage and avoid linking the same target more than once.
W0000 00:00:1753810797.334744  424427 computation_placer.cc:177] computation placer already registered. Please check linkage and avoid linking the same target more than once.
W0000 00:00:1753810797.338190  424428 computation_placer.cc:177] computation placer already registered. Please check linkage and avoid linking the same target more than once.
W0000 00:00:1753810797.338215  424428 computation_placer.cc:177] computation placer already registered. Please check linkage and avoid linking the same target more than once.
W0000 00:00:1753810797.338218  424428 computation_placer.cc:177] computation placer already registered. Please check linkage and avoid linking the same target more than once.
W0000 00:00:1753810797.338221  424428 computation_placer.cc:177] computation placer already registered. Please check linkage and avoid linking the same target more than once.
2025-07-29 17:39:57.339690: I tensorflow/core/platform/cpu_feature_guard.cc:210] This TensorFlow binary is optimized to use available CPU instructions in performance-critical operations.
To enable the following instructions: AVX2 AVX512F FMA, in other operations, rebuild TensorFlow with the appropriate compiler flags.
2025-07-29 17:39:57.343705: I tensorflow/core/platform/cpu_feature_guard.cc:210] This TensorFlow binary is optimized to use available CPU instructions in performance-critical operations.
To enable the following instructions: AVX2 AVX512F FMA, in other operations, rebuild TensorFlow with the appropriate compiler flags.
[rank0]:[W729 17:43:59.645380596 reducer.cpp:1400] Warning: find_unused_parameters=True was specified in DDP constructor, but did not find any unused parameters in the forward pass. This flag results in an extra traversal of the autograd graph every iteration,  which can adversely affect performance. If your model indeed never has any unused parameters in the forward pass, consider turning this flag off. Note that this warning may be a false positive if your model has flow control causing later iterations to have unused parameters. (function operator())
[rank1]:[W729 17:44:14.291041095 reducer.cpp:1400] Warning: find_unused_parameters=True was specified in DDP constructor, but did not find any unused parameters in the forward pass. This flag results in an extra traversal of the autograd graph every iteration,  which can adversely affect performance. If your model indeed never has any unused parameters in the forward pass, consider turning this flag off. Note that this warning may be a false positive if your model has flow control causing later iterations to have unused parameters. (function operator())
/home/junyi/.local/lib/python3.10/site-packages/torch/autograd/graph.py:823: UserWarning: Deallocating Tensor that still has live PyObject references.  This probably happened because you took out a weak reference to Tensor and didn't call _fix_weakref() after dereferencing it.  Subsequent accesses to this tensor via the PyObject will now fail. (Triggered internally at /pytorch/torch/csrc/PyInterpreter.cpp:259.)
  return Variable._execution_engine.run_backward(  # Calls into the C++ engine to run the backward pass
[rank0]:[W730 06:56:43.761851693 PyInterpreter.cpp:259] Warning: Deallocating Tensor that still has live PyObject references.  This probably happened because you took out a weak reference to Tensor and didn't call _fix_weakref() after dereferencing it.  Subsequent accesses to this tensor via the PyObject will now fail. (function decref)
[rank0]:[W731 02:57:47.538623430 PyInterpreter.cpp:259] Warning: Deallocating Tensor that still has live PyObject references.  This probably happened because you took out a weak reference to Tensor and didn't call _fix_weakref() after dereferencing it.  Subsequent accesses to this tensor via the PyObject will now fail. (function decref)
Traceback (most recent call last):
  File "/home/junyi/NSFnet/ev-NSFnet/train.py", line 265, in main
    PINN.train(num_epoch=epochs_to_run, lr=learning_rate, scheduler=stage_scheduler, profiler=prof, start_epoch=start_epoch)
  File "/home/junyi/NSFnet/ev-NSFnet/pinn_solver.py", line 709, in train
    return self.solve_Adam(self.fwd_computing_loss_2d, num_epoch, batchsize, scheduler, profiler, start_epoch)
  File "/home/junyi/NSFnet/ev-NSFnet/pinn_solver.py", line 917, in solve_Adam
    self.save_checkpoint(epoch_id, self.opt)
  File "/home/junyi/NSFnet/ev-NSFnet/pinn_solver.py", line 254, in save_checkpoint
    'optimizer_state_dict': torch.optim.Optimizer.state_dict(optimizer),
  File "/home/junyi/.local/lib/python3.10/site-packages/torch/_compile.py", line 32, in inner
    return disable_fn(*args, **kwargs)
  File "/home/junyi/.local/lib/python3.10/site-packages/torch/_dynamo/eval_frame.py", line 745, in _fn
    return fn(*args, **kwargs)
  File "/home/junyi/.local/lib/python3.10/site-packages/torch/optim/optimizer.py", line 720, in state_dict
    packed_state = {
  File "/home/junyi/.local/lib/python3.10/site-packages/torch/optim/optimizer.py", line 721, in <dictcomp>
    (param_mappings[id(k)] if isinstance(k, torch.Tensor) else k): v
KeyError: 140080649732640
[rank0]: Traceback (most recent call last):
[rank0]:   File "/home/junyi/NSFnet/ev-NSFnet/train.py", line 291, in <module>
[rank0]:     main()
[rank0]:   File "/home/junyi/NSFnet/ev-NSFnet/train.py", line 284, in main
[rank0]:     raise e
[rank0]:   File "/home/junyi/NSFnet/ev-NSFnet/train.py", line 265, in main
[rank0]:     PINN.train(num_epoch=epochs_to_run, lr=learning_rate, scheduler=stage_scheduler, profiler=prof, start_epoch=start_epoch)
[rank0]:   File "/home/junyi/NSFnet/ev-NSFnet/pinn_solver.py", line 709, in train
[rank0]:     return self.solve_Adam(self.fwd_computing_loss_2d, num_epoch, batchsize, scheduler, profiler, start_epoch)
[rank0]:   File "/home/junyi/NSFnet/ev-NSFnet/pinn_solver.py", line 917, in solve_Adam
[rank0]:     self.save_checkpoint(epoch_id, self.opt)
[rank0]:   File "/home/junyi/NSFnet/ev-NSFnet/pinn_solver.py", line 254, in save_checkpoint
[rank0]:     'optimizer_state_dict': torch.optim.Optimizer.state_dict(optimizer),
[rank0]:   File "/home/junyi/.local/lib/python3.10/site-packages/torch/_compile.py", line 32, in inner
[rank0]:     return disable_fn(*args, **kwargs)
[rank0]:   File "/home/junyi/.local/lib/python3.10/site-packages/torch/_dynamo/eval_frame.py", line 745, in _fn
[rank0]:     return fn(*args, **kwargs)
[rank0]:   File "/home/junyi/.local/lib/python3.10/site-packages/torch/optim/optimizer.py", line 720, in state_dict
[rank0]:     packed_state = {
[rank0]:   File "/home/junyi/.local/lib/python3.10/site-packages/torch/optim/optimizer.py", line 721, in <dictcomp>
[rank0]:     (param_mappings[id(k)] if isinstance(k, torch.Tensor) else k): v
[rank0]: KeyError: 140080649732640
W0731 03:56:43.091000 424402 torch/distributed/elastic/multiprocessing/api.py:897] Sending process 424428 closing signal SIGTERM
E0731 03:56:45.467000 424402 torch/distributed/elastic/multiprocessing/api.py:869] failed (exitcode: 1) local_rank: 0 (pid: 424427) of binary: /usr/bin/python3
Traceback (most recent call last):
  File "/home/junyi/.local/bin/torchrun", line 8, in <module>
    sys.exit(main())
  File "/home/junyi/.local/lib/python3.10/site-packages/torch/distributed/elastic/multiprocessing/errors/__init__.py", line 355, in wrapper
    return f(*args, **kwargs)
  File "/home/junyi/.local/lib/python3.10/site-packages/torch/distributed/run.py", line 918, in main
    run(args)
  File "/home/junyi/.local/lib/python3.10/site-packages/torch/distributed/run.py", line 909, in run
    elastic_launch(
  File "/home/junyi/.local/lib/python3.10/site-packages/torch/distributed/launcher/api.py", line 138, in __call__
    return launch_agent(self._config, self._entrypoint, list(args))
  File "/home/junyi/.local/lib/python3.10/site-packages/torch/distributed/launcher/api.py", line 269, in launch_agent
    raise ChildFailedError(
torch.distributed.elastic.multiprocessing.errors.ChildFailedError: 
============================================================
train.py FAILED
------------------------------------------------------------
Failures:
  <NO_OTHER_FAILURES>
------------------------------------------------------------
Root Cause (first observed failure):
[0]:
  time      : 2025-07-31_03:56:43
  host      : acmt20
  rank      : 0 (local_rank: 0)
  exitcode  : 1 (pid: 424427)
  error_file: <N/A>
  traceback : To enable traceback see: https://pytorch.org/docs/stable/elastic/errors.html
============================================================

real	2056m55.442s
user	32300m46.696s
sys	73m21.047s
