2025-07-28 15:33:37.190024: E external/local_xla/xla/stream_executor/cuda/cuda_fft.cc:467] Unable to register cuFFT factory: Attempting to register factory for plugin cuFFT when one has already been registered
2025-07-28 15:33:37.190034: E external/local_xla/xla/stream_executor/cuda/cuda_fft.cc:467] Unable to register cuFFT factory: Attempting to register factory for plugin cuFFT when one has already been registered
WARNING: All log messages before absl::InitializeLog() is called are written to STDERR
WARNING: All log messages before absl::InitializeLog() is called are written to STDERR
E0000 00:00:1753716817.210024  418560 cuda_dnn.cc:8579] Unable to register cuDNN factory: Attempting to register factory for plugin cuDNN when one has already been registered
E0000 00:00:1753716817.210024  418559 cuda_dnn.cc:8579] Unable to register cuDNN factory: Attempting to register factory for plugin cuDNN when one has already been registered
E0000 00:00:1753716817.216224  418560 cuda_blas.cc:1407] Unable to register cuBLAS factory: Attempting to register factory for plugin cuBLAS when one has already been registered
E0000 00:00:1753716817.216225  418559 cuda_blas.cc:1407] Unable to register cuBLAS factory: Attempting to register factory for plugin cuBLAS when one has already been registered
W0000 00:00:1753716817.236207  418559 computation_placer.cc:177] computation placer already registered. Please check linkage and avoid linking the same target more than once.
W0000 00:00:1753716817.236208  418560 computation_placer.cc:177] computation placer already registered. Please check linkage and avoid linking the same target more than once.
W0000 00:00:1753716817.236237  418559 computation_placer.cc:177] computation placer already registered. Please check linkage and avoid linking the same target more than once.
W0000 00:00:1753716817.236241  418560 computation_placer.cc:177] computation placer already registered. Please check linkage and avoid linking the same target more than once.
W0000 00:00:1753716817.236242  418559 computation_placer.cc:177] computation placer already registered. Please check linkage and avoid linking the same target more than once.
W0000 00:00:1753716817.236245  418560 computation_placer.cc:177] computation placer already registered. Please check linkage and avoid linking the same target more than once.
W0000 00:00:1753716817.236246  418559 computation_placer.cc:177] computation placer already registered. Please check linkage and avoid linking the same target more than once.
W0000 00:00:1753716817.236249  418560 computation_placer.cc:177] computation placer already registered. Please check linkage and avoid linking the same target more than once.
2025-07-28 15:33:37.242404: I tensorflow/core/platform/cpu_feature_guard.cc:210] This TensorFlow binary is optimized to use available CPU instructions in performance-critical operations.
To enable the following instructions: AVX2 AVX512F FMA, in other operations, rebuild TensorFlow with the appropriate compiler flags.
2025-07-28 15:33:37.242404: I tensorflow/core/platform/cpu_feature_guard.cc:210] This TensorFlow binary is optimized to use available CPU instructions in performance-critical operations.
To enable the following instructions: AVX2 AVX512F FMA, in other operations, rebuild TensorFlow with the appropriate compiler flags.
[rank0]:[W728 15:37:50.084793794 reducer.cpp:1400] Warning: find_unused_parameters=True was specified in DDP constructor, but did not find any unused parameters in the forward pass. This flag results in an extra traversal of the autograd graph every iteration,  which can adversely affect performance. If your model indeed never has any unused parameters in the forward pass, consider turning this flag off. Note that this warning may be a false positive if your model has flow control causing later iterations to have unused parameters. (function operator())
Traceback (most recent call last):
  File "/home/junyi/NSFnet/ev-NSFnet/train.py", line 166, in main
    optimizer = torch.optim.Adam(
  File "/home/junyi/.local/lib/python3.10/site-packages/torch/optim/adam.py", line 57, in __init__
    if not 0.0 <= lr:
TypeError: '<=' not supported between instances of 'float' and 'str'
[rank0]: Traceback (most recent call last):
[rank0]:   File "/home/junyi/NSFnet/ev-NSFnet/train.py", line 306, in <module>
[rank0]:     main()
[rank0]:   File "/home/junyi/NSFnet/ev-NSFnet/train.py", line 299, in main
[rank0]:     raise e
[rank0]:   File "/home/junyi/NSFnet/ev-NSFnet/train.py", line 166, in main
[rank0]:     optimizer = torch.optim.Adam(
[rank0]:   File "/home/junyi/.local/lib/python3.10/site-packages/torch/optim/adam.py", line 57, in __init__
[rank0]:     if not 0.0 <= lr:
[rank0]: TypeError: '<=' not supported between instances of 'float' and 'str'
W0728 15:37:52.217000 418534 torch/distributed/elastic/multiprocessing/api.py:897] Sending process 418560 closing signal SIGTERM
E0728 15:37:52.486000 418534 torch/distributed/elastic/multiprocessing/api.py:869] failed (exitcode: 1) local_rank: 0 (pid: 418559) of binary: /usr/bin/python3
Traceback (most recent call last):
  File "/home/junyi/.local/bin/torchrun", line 8, in <module>
    sys.exit(main())
  File "/home/junyi/.local/lib/python3.10/site-packages/torch/distributed/elastic/multiprocessing/errors/__init__.py", line 355, in wrapper
    return f(*args, **kwargs)
  File "/home/junyi/.local/lib/python3.10/site-packages/torch/distributed/run.py", line 918, in main
    run(args)
  File "/home/junyi/.local/lib/python3.10/site-packages/torch/distributed/run.py", line 909, in run
    elastic_launch(
  File "/home/junyi/.local/lib/python3.10/site-packages/torch/distributed/launcher/api.py", line 138, in __call__
    return launch_agent(self._config, self._entrypoint, list(args))
  File "/home/junyi/.local/lib/python3.10/site-packages/torch/distributed/launcher/api.py", line 269, in launch_agent
    raise ChildFailedError(
torch.distributed.elastic.multiprocessing.errors.ChildFailedError: 
============================================================
train.py FAILED
------------------------------------------------------------
Failures:
  <NO_OTHER_FAILURES>
------------------------------------------------------------
Root Cause (first observed failure):
[0]:
  time      : 2025-07-28_15:37:52
  host      : acmt20
  rank      : 0 (local_rank: 0)
  exitcode  : 1 (pid: 418559)
  error_file: <N/A>
  traceback : To enable traceback see: https://pytorch.org/docs/stable/elastic/errors.html
============================================================

real	4m22.666s
user	8m33.432s
sys	0m10.179s
