2025-07-28 15:55:06.378322: E external/local_xla/xla/stream_executor/cuda/cuda_fft.cc:467] Unable to register cuFFT factory: Attempting to register factory for plugin cuFFT when one has already been registered
2025-07-28 15:55:06.378320: E external/local_xla/xla/stream_executor/cuda/cuda_fft.cc:467] Unable to register cuFFT factory: Attempting to register factory for plugin cuFFT when one has already been registered
WARNING: All log messages before absl::InitializeLog() is called are written to STDERR
WARNING: All log messages before absl::InitializeLog() is called are written to STDERR
E0000 00:00:1753718106.398435  418973 cuda_dnn.cc:8579] Unable to register cuDNN factory: Attempting to register factory for plugin cuDNN when one has already been registered
E0000 00:00:1753718106.398435  418974 cuda_dnn.cc:8579] Unable to register cuDNN factory: Attempting to register factory for plugin cuDNN when one has already been registered
E0000 00:00:1753718106.404688  418974 cuda_blas.cc:1407] Unable to register cuBLAS factory: Attempting to register factory for plugin cuBLAS when one has already been registered
E0000 00:00:1753718106.404691  418973 cuda_blas.cc:1407] Unable to register cuBLAS factory: Attempting to register factory for plugin cuBLAS when one has already been registered
W0000 00:00:1753718106.423039  418973 computation_placer.cc:177] computation placer already registered. Please check linkage and avoid linking the same target more than once.
W0000 00:00:1753718106.423039  418974 computation_placer.cc:177] computation placer already registered. Please check linkage and avoid linking the same target more than once.
W0000 00:00:1753718106.423064  418973 computation_placer.cc:177] computation placer already registered. Please check linkage and avoid linking the same target more than once.
W0000 00:00:1753718106.423068  418974 computation_placer.cc:177] computation placer already registered. Please check linkage and avoid linking the same target more than once.
W0000 00:00:1753718106.423068  418973 computation_placer.cc:177] computation placer already registered. Please check linkage and avoid linking the same target more than once.
W0000 00:00:1753718106.423071  418974 computation_placer.cc:177] computation placer already registered. Please check linkage and avoid linking the same target more than once.
W0000 00:00:1753718106.423072  418973 computation_placer.cc:177] computation placer already registered. Please check linkage and avoid linking the same target more than once.
W0000 00:00:1753718106.423074  418974 computation_placer.cc:177] computation placer already registered. Please check linkage and avoid linking the same target more than once.
2025-07-28 15:55:06.428049: I tensorflow/core/platform/cpu_feature_guard.cc:210] This TensorFlow binary is optimized to use available CPU instructions in performance-critical operations.
To enable the following instructions: AVX2 AVX512F FMA, in other operations, rebuild TensorFlow with the appropriate compiler flags.
2025-07-28 15:55:06.428057: I tensorflow/core/platform/cpu_feature_guard.cc:210] This TensorFlow binary is optimized to use available CPU instructions in performance-critical operations.
To enable the following instructions: AVX2 AVX512F FMA, in other operations, rebuild TensorFlow with the appropriate compiler flags.
[rank0]:[W728 15:59:12.660657358 reducer.cpp:1400] Warning: find_unused_parameters=True was specified in DDP constructor, but did not find any unused parameters in the forward pass. This flag results in an extra traversal of the autograd graph every iteration,  which can adversely affect performance. If your model indeed never has any unused parameters in the forward pass, consider turning this flag off. Note that this warning may be a false positive if your model has flow control causing later iterations to have unused parameters. (function operator())
Traceback (most recent call last):
  File "/home/junyi/NSFnet/ev-NSFnet/train.py", line 280, in main
    PINN.train(num_epoch=epochs_to_run, lr=learning_rate, scheduler=stage_scheduler, profiler=prof, start_epoch=start_epoch)
  File "/home/junyi/NSFnet/ev-NSFnet/pinn_solver.py", line 746, in train
    return self.solve_Adam(self.fwd_computing_loss_2d, num_epoch, batchsize, scheduler, profiler, start_epoch)
TypeError: PysicsInformedNeuralNetwork.solve_Adam() takes from 2 to 6 positional arguments but 7 were given
[rank0]: Traceback (most recent call last):
[rank0]:   File "/home/junyi/NSFnet/ev-NSFnet/train.py", line 306, in <module>
[rank0]:     main()
[rank0]:   File "/home/junyi/NSFnet/ev-NSFnet/train.py", line 299, in main
[rank0]:     raise e
[rank0]:   File "/home/junyi/NSFnet/ev-NSFnet/train.py", line 280, in main
[rank0]:     PINN.train(num_epoch=epochs_to_run, lr=learning_rate, scheduler=stage_scheduler, profiler=prof, start_epoch=start_epoch)
[rank0]:   File "/home/junyi/NSFnet/ev-NSFnet/pinn_solver.py", line 746, in train
[rank0]:     return self.solve_Adam(self.fwd_computing_loss_2d, num_epoch, batchsize, scheduler, profiler, start_epoch)
[rank0]: TypeError: PysicsInformedNeuralNetwork.solve_Adam() takes from 2 to 6 positional arguments but 7 were given
W0728 15:59:13.874000 418948 torch/distributed/elastic/multiprocessing/api.py:897] Sending process 418974 closing signal SIGTERM
E0728 15:59:14.144000 418948 torch/distributed/elastic/multiprocessing/api.py:869] failed (exitcode: 1) local_rank: 0 (pid: 418973) of binary: /usr/bin/python3
Traceback (most recent call last):
  File "/home/junyi/.local/bin/torchrun", line 8, in <module>
    sys.exit(main())
  File "/home/junyi/.local/lib/python3.10/site-packages/torch/distributed/elastic/multiprocessing/errors/__init__.py", line 355, in wrapper
    return f(*args, **kwargs)
  File "/home/junyi/.local/lib/python3.10/site-packages/torch/distributed/run.py", line 918, in main
    run(args)
  File "/home/junyi/.local/lib/python3.10/site-packages/torch/distributed/run.py", line 909, in run
    elastic_launch(
  File "/home/junyi/.local/lib/python3.10/site-packages/torch/distributed/launcher/api.py", line 138, in __call__
    return launch_agent(self._config, self._entrypoint, list(args))
  File "/home/junyi/.local/lib/python3.10/site-packages/torch/distributed/launcher/api.py", line 269, in launch_agent
    raise ChildFailedError(
torch.distributed.elastic.multiprocessing.errors.ChildFailedError: 
============================================================
train.py FAILED
------------------------------------------------------------
Failures:
  <NO_OTHER_FAILURES>
------------------------------------------------------------
Root Cause (first observed failure):
[0]:
  time      : 2025-07-28_15:59:13
  host      : acmt20
  rank      : 0 (local_rank: 0)
  exitcode  : 1 (pid: 418973)
  error_file: <N/A>
  traceback : To enable traceback see: https://pytorch.org/docs/stable/elastic/errors.html
============================================================

real	4m14.990s
user	8m16.798s
sys	0m10.444s
