Loading modulefiles version 2021.11
=== GPU Information ===
Tesla P100-PCIE-16GB, 6.0, 16384
Tesla P100-PCIE-16GB, 6.0, 16384
=======================
Job start: Thu Jul 31 17:52:13 UTC 2025
OMP_NUM_THREADS = 24
torch.get_num_threads() = 24
OMP_NUM_THREADS = 24
torch.get_num_threads() = 24
🔗 初始化分布式訓練...
📡 分布式訓練設置完成: 2 GPUs
   - Backend: NCCL
   - 每個進程負責 GPU 0
📂 載入配置文件: configs/production.yaml
============================================================
🔧 實驗配置: NSFnet_Re5000_Production
📝 描述: 高精度Physics-Informed Neural Network for Re=5000 Lid-Driven Cavity Flow
============================================================
🧠 網路架構:
   主網路: 6 層 × 80 神經元
   EVM網路: 4 層 × 40 神經元
🎯 訓練設定:
   方程點數: 120,000
   批次大小: 全批次
   總階段數: 5
⚡ 物理參數:
   Reynolds數: 5000
   初始α_EVM: 0.03
💻 系統配置:
   設備: auto
   精度: float32
   TensorBoard: 啟用
============================================================
🚀 創建PINN實例...
💡 17:52:29 | [32mINFO[0m | 📊 TensorBoard log directory: runs/NSFnet_Re5000_20250731_175229
💡 17:52:29 | [32mINFO[0m | 🔍 系統信息初始化完成
💡 17:52:29 | [32mINFO[0m |    CPU: 48 核心
💡 17:52:29 | [32mINFO[0m |    記憶體: 109.7 GB
💡 17:52:29 | [32mINFO[0m |    GPU: 0 個設備
💡 17:52:29 | [32mINFO[0m |    磁碟: 97.9 GB
💡 17:52:29 | [32mINFO[0m | 🧠 記憶體管理器初始化完成
💡 17:52:32 | [32mINFO[0m | Distributed training setup:
💡 17:52:32 | [32mINFO[0m |   World size: 2
💡 17:52:32 | [32mINFO[0m |   Rank: 0
-----------------------------
N_train_bcs: 2052
N_train_equ: 120000
-----------------------------
💡 17:52:32 | [32mINFO[0m |   Local rank: 0
💡 17:52:32 | [32mINFO[0m | 💻 系統信息:
💡 17:52:32 | [32mINFO[0m |    Reynolds數: 5000
💡 17:52:32 | [32mINFO[0m |    主網路: 6 層 × 80 神經元
💡 17:52:32 | [32mINFO[0m |    EVM網路: 4 層 × 40 神經元
💡 17:52:32 | [32mINFO[0m |    訓練點數: 120,000
💡 17:52:32 | [32mINFO[0m |    設備: cuda:0
💡 17:52:32 | [32mINFO[0m |    批次大小: 全批次
📁 載入訓練數據...
-----------------------------
N_train_bcs: 2052
N_train_equ: 120000
-----------------------------
GPU 0: Processing 1026 boundary points out of 2052 total
GPU 0: Processing 60000 equation points out of 120000 total
🚀 開始完整訓練：總共 1,800,000 epochs，分 5 個階段
   預估完成時間將在訓練開始後計算...
============================================================
🔄 Stage 1: alpha_evm=0.05, epochs=300000/300000, lr=1.00e-03
   - 啟用分階段 CosineAnnealing 調度器
     - Stage 1: 300000 epochs CosineAnnealing (end LR: 2.00e-04)
[Epoch 0] Freezing EVM network parameters (DDP-compatible)
  Active parameters: 14 (net only)
💡 17:56:21 | [32mINFO[0m | 🔍 開始系統健康監控 (間隔: 60.0秒)
💡 17:56:21 | [32mINFO[0m | 🎯 訓練健康監控已啟動
💡 17:56:21 | [32mINFO[0m | 🎯 啟動訓練記憶體優化...
💡 17:56:21 | [32mINFO[0m | 🧹 記憶體清理完成: Python GC: 27 objects collected, Aggressive GC: 254 additional objects
💡 17:56:21 | [32mINFO[0m | 🔄 自動記憶體清理已啟動 (間隔: 180.0秒)
💡 17:56:21 | [32mINFO[0m |    記憶體優化設置已應用
💡 17:56:21 | [32mINFO[0m | === 訓練配置 (全批次) ===
💡 17:56:21 | [32mINFO[0m | 階段: Stage 1
💡 17:56:21 | [32mINFO[0m | 訓練點總數: 120,000
💡 17:56:21 | [32mINFO[0m | 實際GPU數據點: 60,000
💡 17:56:21 | [32mINFO[0m | 訓練模式: 全批次 (無DataLoader)
💡 17:56:21 | [32mINFO[0m | 總epochs: 300,000
💡 17:56:21 | [32mINFO[0m | DDP模式: 啟用
💡 17:56:21 | [32mINFO[0m | 數值精度: Float32 (完整精度)
💡 17:56:21 | [32mINFO[0m | GPU記憶體 - 已分配: 0.01GB, 已保留: 0.02GB
💡 17:56:21 | [32mINFO[0m | ==================================================

================================================================================
🔥 Stage 1 - 初始化階段
   Epoch: 1 / 300,000
   學習率: 1.00e-03 | 資料點: 60,000
   損失 - 總: 4.665e+00 | 方程: 1.844e-04 | 邊界: 2.338e-01
   (時間預估將在第10個epoch後提供)
================================================================================

💡 17:56:26 | [32mINFO[0m | 🏥 === 系統健康報告 ===
💡 17:56:26 | [32mINFO[0m |    CPU: 2.1% (平均: 3.2%)
💡 17:56:26 | [32mINFO[0m |    記憶體: 4.1% (109.7GB 總計)
💡 17:56:26 | [32mINFO[0m |    進程記憶體: 1853.9MB (平均: 1773.5MB)
💡 17:56:26 | [32mINFO[0m |    GPU 0: 0.0% 使用率, 0.1% 記憶體
💡 17:56:26 | [32mINFO[0m |    GPU 1: 0.0% 使用率, 0.0% 記憶體
💡 17:56:26 | [32mINFO[0m |    磁碟: 32.2% (97.9GB 總計)
💡 17:56:26 | [32mINFO[0m | ==============================
💡 17:56:26 | [32mINFO[0m | 🧠 === 記憶體使用報告 ===
💡 17:56:26 | [32mINFO[0m |    CPU記憶體: 4.1% (3583MB)
💡 17:56:26 | [32mINFO[0m |    進程記憶體: 1863MB
💡 17:56:26 | [32mINFO[0m |    GPU記憶體: 0.1% (19MB 已分配)
💡 17:56:26 | [32mINFO[0m |    GPU快取: 3796MB
💡 17:56:26 | [32mINFO[0m |    Python對象: 622,018
💡 17:56:26 | [32mINFO[0m |    Tensor緩存: 0 項 (0.0MB)
💡 17:56:26 | [32mINFO[0m |    緩存命中率: 0.0%
💡 17:56:26 | [32mINFO[0m | ==============================
[Epoch 1] Freezing EVM network parameters (DDP-compatible)
  Active parameters: 14 (net only)
