Loading modulefiles version 2021.11
=== GPU Information ===
Tesla P100-PCIE-16GB, 6.0, 16384
Tesla P100-PCIE-16GB, 6.0, 16384
=======================
Job start: Mon Jul 28 16:54:56 UTC 2025
🔗 初始化分布式訓練...
📡 分布式訓練設置完成: 2 GPUs
   - Backend: NCCL
   - 每個進程負責 GPU 0
📂 載入配置文件: configs/production.yaml
============================================================
🔧 實驗配置: NSFnet_Re5000_Production
📝 描述: 高精度Physics-Informed Neural Network for Re=5000 Lid-Driven Cavity Flow
============================================================
🧠 網路架構:
   主網路: 6 層 × 80 神經元
   EVM網路: 4 層 × 40 神經元
🎯 訓練設定:
   方程點數: 120,000
   批次大小: 全批次
   總階段數: 6
⚡ 物理參數:
   Reynolds數: 5000
   初始α_EVM: 0.03
💻 系統配置:
   設備: auto
   精度: float32
   TensorBoard: 啟用
============================================================
🚀 創建PINN實例...
💡 16:55:15 | [32mINFO[0m | 📊 TensorBoard log directory: runs/NSFnet_Re5000_20250728_165515
💡 16:55:15 | [32mINFO[0m | 🔍 系統信息初始化完成
💡 16:55:15 | [32mINFO[0m |    CPU: 48 核心
💡 16:55:15 | [32mINFO[0m |    記憶體: 109.7 GB
💡 16:55:15 | [32mINFO[0m |    GPU: 0 個設備
💡 16:55:15 | [32mINFO[0m |    磁碟: 97.9 GB
💡 16:55:15 | [32mINFO[0m | 🧠 記憶體管理器初始化完成
⚠️ 16:55:16 | [33mWARNING[0m | ⚠️ 跳過 torch.compile 優化 - GPU CUDA capability 6.0 < 7.0 (不支援Triton)
💡 16:55:16 | [32mINFO[0m |    使用標準PyTorch eager模式訓練
💡 16:55:16 | [32mINFO[0m | Distributed training setup:
💡 16:55:16 | [32mINFO[0m |   World size: 2
💡 16:55:16 | [32mINFO[0m |   Rank: 0
💡 16:55:16 | [32mINFO[0m |   Local rank: 0
💡 16:55:16 | [32mINFO[0m | 💻 系統信息:
💡 16:55:16 | [32mINFO[0m |    Reynolds數: 5000
💡 16:55:16 | [32mINFO[0m |    主網路: 6 層 × 80 神經元
💡 16:55:16 | [32mINFO[0m |    EVM網路: 4 層 × 40 神經元
💡 16:55:16 | [32mINFO[0m |    訓練點數: 120,000
💡 16:55:16 | [32mINFO[0m |    設備: cuda:0
💡 16:55:16 | [32mINFO[0m |    批次大小: 全批次
📁 載入訓練數據...
-----------------------------
N_train_bcs: 2052
N_train_equ: 120000
-----------------------------
-----------------------------
N_train_bcs: 2052
N_train_equ: 120000
-----------------------------
GPU 0: Processing 1026 boundary points out of 2052 total
GPU 0: Processing 60000 equation points out of 120000 total
🚀 開始完整訓練：總共 2,100,000 epochs，分 6 個階段
   預估完成時間將在訓練開始後計算...
============================================================
🔄 Stage 1: alpha_evm=0.05, epochs=350000/350000, lr=1.00e-03
   - 啟用分階段 CosineAnnealing 調度器
     - 階段 1: 8000 epochs Warmup + 342000 epochs CosineAnnealing (end LR: 2.00e-04)
[Epoch 0] Freezing EVM network parameters (DDP-compatible)
  Active parameters: 14 (net only)
💡 16:59:13 | [32mINFO[0m | 🔍 開始系統健康監控 (間隔: 60.0秒)
💡 16:59:13 | [32mINFO[0m | 🎯 訓練健康監控已啟動
💡 16:59:13 | [32mINFO[0m | 🎯 啟動訓練記憶體優化...
💡 16:59:14 | [32mINFO[0m | 🧹 記憶體清理完成: Python GC: 40 objects collected, Aggressive GC: 254 additional objects
💡 16:59:14 | [32mINFO[0m | 🔄 自動記憶體清理已啟動 (間隔: 180.0秒)
💡 16:59:14 | [32mINFO[0m |    記憶體優化設置已應用
💡 16:59:14 | [32mINFO[0m | === 訓練配置 (全批次) ===
💡 16:59:14 | [32mINFO[0m | 階段: Stage 1
💡 16:59:14 | [32mINFO[0m | 訓練點總數: 120,000
💡 16:59:14 | [32mINFO[0m | 實際GPU數據點: 60,000
💡 16:59:14 | [32mINFO[0m | 訓練模式: 全批次 (無DataLoader)
💡 16:59:14 | [32mINFO[0m | 總epochs: 350,000
💡 16:59:14 | [32mINFO[0m | DDP模式: 啟用
💡 16:59:14 | [32mINFO[0m | 數值精度: Float32 (完整精度)
💡 16:59:14 | [32mINFO[0m | GPU記憶體 - 已分配: 0.01GB, 已保留: 0.02GB
💡 16:59:14 | [32mINFO[0m | ==================================================

================================================================================
🔥 Stage 1 - 初始化階段
   Epoch: 1 / 350,000
   學習率: 2.25e-03 | 資料點: 60,000
   損失 - 總: 4.571e+00 | 方程: 1.148e-04 | 邊界: 2.288e-01
   (時間預估將在第10個epoch後提供)
================================================================================

💡 16:59:15 | [32mINFO[0m | 🏥 === 系統健康報告 ===
💡 16:59:15 | [32mINFO[0m |    CPU: 2.1% (平均: 4.5%)
💡 16:59:15 | [32mINFO[0m |    記憶體: 4.0% (109.7GB 總計)
💡 16:59:15 | [32mINFO[0m |    進程記憶體: 1816.9MB (平均: 1763.3MB)
💡 16:59:15 | [32mINFO[0m |    GPU 0: 0.0% 使用率, 0.1% 記憶體
💡 16:59:15 | [32mINFO[0m |    GPU 1: 0.0% 使用率, 0.0% 記憶體
💡 16:59:15 | [32mINFO[0m |    磁碟: 32.2% (97.9GB 總計)
💡 16:59:15 | [32mINFO[0m | ==============================
💡 16:59:15 | [32mINFO[0m | 🧠 === 記憶體使用報告 ===
💡 16:59:15 | [32mINFO[0m |    CPU記憶體: 4.0% (3533MB)
💡 16:59:15 | [32mINFO[0m |    進程記憶體: 1826MB
💡 16:59:15 | [32mINFO[0m |    GPU記憶體: 0.1% (19MB 已分配)
💡 16:59:15 | [32mINFO[0m |    GPU快取: 3796MB
💡 16:59:15 | [32mINFO[0m |    Python對象: 622,313
💡 16:59:15 | [32mINFO[0m |    Tensor緩存: 0 項 (0.0MB)
💡 16:59:15 | [32mINFO[0m |    緩存命中率: 0.0%
💡 16:59:15 | [32mINFO[0m | ==============================
[Epoch 1] Freezing EVM network parameters (DDP-compatible)
  Active parameters: 14 (net only)

====================================================================================================
🔥 Stage 1 | 訓練進度報告
====================================================================================================
📊 進度: [----------------------------------------] 0.3%
   Epoch: 1,000 / 350,000
   資料點: 60,000 | 學習率: 1.25e+00

📈 損失狀況:
   總損失:   3.744e+03 📊
   方程損失: 6.862e-05
   邊界損失: 3.709e+02
   收斂趨勢: 收集數據中...

⏰ 時間分析:
   單epoch平均: 0.14s (431.5 epochs/min)
   階段已耗時: 2m 35s
   階段預估剩餘: 15h 0m
   階段總預估: 15h 2m
   累計訓練時間: 2m 35s

💾 系統狀態:
   GPU記憶體: 0.02GB / 15.89GB (0.1%) 🟢 正常
   保留記憶體: 3.73GB

🚀 效率指標:
   資料處理速度: 431,458 points/sec
   Alpha EVM: 0.05
====================================================================================================


====================================================================================================
🔥 Stage 1 | 訓練進度報告
====================================================================================================
📊 進度: [----------------------------------------] 0.6%
   Epoch: 2,000 / 350,000
   資料點: 60,000 | 學習率: 2.50e+00

📈 損失狀況:
   總損失:   1.253e+03 📊
   方程損失: 6.910e-05
   邊界損失: 1.306e+02
   收斂趨勢: 收集數據中...

⏰ 時間分析:
   單epoch平均: 0.14s (430.8 epochs/min)
   階段已耗時: 5m 8s
   階段預估剩餘: 14h 52m
   階段總預估: 14h 58m
   累計訓練時間: 5m 8s

💾 系統狀態:
   GPU記憶體: 0.02GB / 15.89GB (0.1%) 🟢 正常
   保留記憶體: 3.73GB

🚀 效率指標:
   資料處理速度: 430,823 points/sec
   Alpha EVM: 0.05
====================================================================================================


====================================================================================================
🔥 Stage 1 | 訓練進度報告
====================================================================================================
📊 進度: [----------------------------------------] 0.9%
   Epoch: 3,000 / 350,000
   資料點: 60,000 | 學習率: 3.75e+00

📈 損失狀況:
   總損失:   3.481e+03 📊
   方程損失: 6.910e-05
   邊界損失: 3.479e+02
   收斂趨勢: 收集數據中...

⏰ 時間分析:
   單epoch平均: 0.14s (434.0 epochs/min)
   階段已耗時: 7m 40s
   階段預估剩餘: 14h 46m
   階段總預估: 14h 54m
   累計訓練時間: 7m 40s

💾 系統狀態:
   GPU記憶體: 0.02GB / 15.89GB (0.1%) 🟢 正常
   保留記憶體: 3.73GB

🚀 效率指標:
   資料處理速度: 434,011 points/sec
   Alpha EVM: 0.05
====================================================================================================


====================================================================================================
🔥 Stage 1 | 訓練進度報告
====================================================================================================
📊 進度: [----------------------------------------] 1.1%
   Epoch: 4,000 / 350,000
   資料點: 60,000 | 學習率: 5.00e+00

📈 損失狀況:
   總損失:   1.304e+04 📊
   方程損失: 6.910e-05
   邊界損失: 1.321e+03
   收斂趨勢: 收集數據中...

⏰ 時間分析:
   單epoch平均: 0.14s (432.0 epochs/min)
   階段已耗時: 10m 13s
   階段預估剩餘: 14h 43m
   階段總預估: 14h 53m
   累計訓練時間: 10m 13s

💾 系統狀態:
   GPU記憶體: 0.02GB / 15.89GB (0.1%) 🟢 正常
   保留記憶體: 3.73GB

🚀 效率指標:
   資料處理速度: 431,952 points/sec
   Alpha EVM: 0.05
====================================================================================================


====================================================================================================
🔥 Stage 1 | 訓練進度報告
====================================================================================================
📊 進度: [----------------------------------------] 1.4%
   Epoch: 5,000 / 350,000
   資料點: 60,000 | 學習率: 6.25e+00

📈 損失狀況:
   總損失:   1.362e+05 📊
   方程損失: 6.910e-05
   邊界損失: 1.366e+04
   收斂趨勢: 收集數據中...

⏰ 時間分析:
   單epoch平均: 0.15s (405.0 epochs/min)
   階段已耗時: 12m 45s
   階段預估剩餘: 14h 39m
   階段總預估: 14h 52m
   累計訓練時間: 12m 45s

💾 系統狀態:
   GPU記憶體: 0.02GB / 15.89GB (0.1%) 🟢 正常
   保留記憶體: 3.73GB

🚀 效率指標:
   資料處理速度: 405,001 points/sec
   Alpha EVM: 0.05
====================================================================================================


====================================================================================================
🔥 Stage 1 | 訓練進度報告
====================================================================================================
📊 進度: [----------------------------------------] 1.7%
   Epoch: 6,000 / 350,000
   資料點: 60,000 | 學習率: 7.49e+00

📈 損失狀況:
   總損失:   3.211e+04 📊
   方程損失: 6.910e-05
   邊界損失: 3.184e+03
   收斂趨勢: 收集數據中...

⏰ 時間分析:
   單epoch平均: 0.14s (433.0 epochs/min)
   階段已耗時: 15m 18s
   階段預估剩餘: 14h 36m
   階段總預估: 14h 52m
   累計訓練時間: 15m 18s

💾 系統狀態:
   GPU記憶體: 0.02GB / 15.89GB (0.1%) 🟢 正常
   保留記憶體: 3.73GB

🚀 效率指標:
   資料處理速度: 432,976 points/sec
   Alpha EVM: 0.05
====================================================================================================


====================================================================================================
🔥 Stage 1 | 訓練進度報告
====================================================================================================
📊 進度: [----------------------------------------] 2.0%
   Epoch: 7,000 / 350,000
   資料點: 60,000 | 學習率: 8.74e+00

📈 損失狀況:
   總損失:   2.674e+04 📊
   方程損失: 6.910e-05
   邊界損失: 2.674e+03
   收斂趨勢: 收集數據中...

⏰ 時間分析:
   單epoch平均: 0.14s (426.0 epochs/min)
   階段已耗時: 17m 50s
   階段預估剩餘: 14h 33m
   階段總預估: 14h 51m
   累計訓練時間: 17m 50s

💾 系統狀態:
   GPU記憶體: 0.02GB / 15.89GB (0.1%) 🟢 正常
   保留記憶體: 3.73GB

🚀 效率指標:
   資料處理速度: 426,003 points/sec
   Alpha EVM: 0.05
====================================================================================================


====================================================================================================
🔥 Stage 1 | 訓練進度報告
====================================================================================================
📊 進度: [----------------------------------------] 2.3%
   Epoch: 8,000 / 350,000
   資料點: 60,000 | 學習率: 9.99e+00

📈 損失狀況:
   總損失:   2.654e+05 📊
   方程損失: 6.910e-05
   邊界損失: 2.653e+04
   收斂趨勢: 收集數據中...

⏰ 時間分析:
   單epoch平均: 0.14s (415.4 epochs/min)
   階段已耗時: 20m 23s
   階段預估剩餘: 14h 31m
   階段總預估: 14h 51m
   累計訓練時間: 20m 23s

💾 系統狀態:
   GPU記憶體: 0.02GB / 15.89GB (0.1%) 🟢 正常
   保留記憶體: 3.73GB

🚀 效率指標:
   資料處理速度: 415,395 points/sec
   Alpha EVM: 0.05
====================================================================================================


====================================================================================================
🔥 Stage 1 | 訓練進度報告
====================================================================================================
📊 進度: [█---------------------------------------] 2.6%
   Epoch: 9,000 / 350,000
   資料點: 60,000 | 學習率: 9.98e+00

📈 損失狀況:
   總損失:   1.821e+05 📊
   方程損失: 6.910e-05
   邊界損失: 1.821e+04
   收斂趨勢: 收集數據中...

⏰ 時間分析:
   單epoch平均: 0.14s (431.8 epochs/min)
   階段已耗時: 22m 58s
   階段預估剩餘: 14h 29m
   階段總預估: 14h 52m
   累計訓練時間: 22m 58s

💾 系統狀態:
   GPU記憶體: 0.02GB / 15.89GB (0.1%) 🟢 正常
   保留記憶體: 3.73GB

🚀 效率指標:
   資料處理速度: 431,763 points/sec
   Alpha EVM: 0.05
====================================================================================================


====================================================================================================
🔥 Stage 1 | 訓練進度報告
====================================================================================================
📊 進度: [█---------------------------------------] 2.9%
   Epoch: 10,000 / 350,000
   資料點: 60,000 | 學習率: 9.98e+00

📈 損失狀況:
   總損失:   7.593e+04 📊
   方程損失: 6.910e-05
   邊界損失: 7.592e+03
   收斂趨勢: 趨勢分析中...

⏰ 時間分析:
   單epoch平均: 0.14s (431.0 epochs/min)
   階段已耗時: 25m 32s
   階段預估剩餘: 14h 28m
   階段總預估: 14h 53m
   累計訓練時間: 25m 32s

💾 系統狀態:
   GPU記憶體: 0.02GB / 15.89GB (0.1%) 🟢 正常
   保留記憶體: 3.73GB

🚀 效率指標:
   資料處理速度: 431,050 points/sec
   Alpha EVM: 0.05
====================================================================================================

[Epoch 10000] Unfreezing EVM network parameters (DDP-compatible)
  Active parameters: 24 (net + net_1)
💡 17:24:46 | [32mINFO[0m | 💾 檢查點已保存: /home/junyi/NSFnet/ev-NSFnet/results/Re5000/6x80_Nf120k_lamB10_alpha0.05Stage_1/checkpoint_epoch_10000.pth (epoch 10000)
[Epoch 10001] Freezing EVM network parameters (DDP-compatible)
  Active parameters: 14 (net only)

====================================================================================================
🔥 Stage 1 | 訓練進度報告
====================================================================================================
📊 進度: [█---------------------------------------] 3.1%
   Epoch: 11,000 / 350,000
   資料點: 60,000 | 學習率: 9.97e+00

📈 損失狀況:
   總損失:   6.692e+04 📈
   方程損失: 4.142e+01
   邊界損失: 6.649e+03
   收斂趨勢: 可能發散，需注意

⏰ 時間分析:
   單epoch平均: 0.14s (433.2 epochs/min)
   階段已耗時: 28m 4s
   階段預估剩餘: 14h 24m
   階段總預估: 14h 52m
   累計訓練時間: 28m 4s

💾 系統狀態:
   GPU記憶體: 0.02GB / 15.89GB (0.1%) 🟢 正常
   保留記憶體: 3.73GB

🚀 效率指標:
   資料處理速度: 433,215 points/sec
   Alpha EVM: 0.05
====================================================================================================


====================================================================================================
🔥 Stage 1 | 訓練進度報告
====================================================================================================
📊 進度: [█---------------------------------------] 3.4%
   Epoch: 12,000 / 350,000
   資料點: 60,000 | 學習率: 9.97e+00

📈 損失狀況:
   總損失:   3.012e+04 📈
   方程損失: 4.142e+01
   邊界損失: 2.981e+03
   收斂趨勢: 可能發散，需注意

⏰ 時間分析:
   單epoch平均: 0.14s (431.2 epochs/min)
   階段已耗時: 30m 35s
   階段預估剩餘: 14h 21m
   階段總預估: 14h 52m
   累計訓練時間: 30m 35s

💾 系統狀態:
   GPU記憶體: 0.02GB / 15.89GB (0.1%) 🟢 正常
   保留記憶體: 3.73GB

🚀 效率指標:
   資料處理速度: 431,200 points/sec
   Alpha EVM: 0.05
====================================================================================================


====================================================================================================
🔥 Stage 1 | 訓練進度報告
====================================================================================================
📊 進度: [█---------------------------------------] 3.7%
   Epoch: 13,000 / 350,000
   資料點: 60,000 | 學習率: 9.96e+00

📈 損失狀況:
   總損失:   2.054e+04 📈
   方程損失: 4.142e+01
   邊界損失: 2.050e+03
   收斂趨勢: 可能發散，需注意

⏰ 時間分析:
   單epoch平均: 0.14s (428.0 epochs/min)
   階段已耗時: 33m 8s
   階段預估剩餘: 14h 18m
   階段總預估: 14h 52m
   累計訓練時間: 33m 8s

💾 系統狀態:
   GPU記憶體: 0.02GB / 15.89GB (0.1%) 🟢 正常
   保留記憶體: 3.73GB

🚀 效率指標:
   資料處理速度: 428,031 points/sec
   Alpha EVM: 0.05
====================================================================================================


====================================================================================================
🔥 Stage 1 | 訓練進度報告
====================================================================================================
📊 進度: [█---------------------------------------] 4.0%
   Epoch: 14,000 / 350,000
   資料點: 60,000 | 學習率: 9.96e+00

📈 損失狀況:
   總損失:   3.083e+04 📈
   方程損失: 4.142e+01
   邊界損失: 3.105e+03
   收斂趨勢: 可能發散，需注意

⏰ 時間分析:
   單epoch平均: 0.14s (432.6 epochs/min)
   階段已耗時: 35m 40s
   階段預估剩餘: 14h 16m
   階段總預估: 14h 51m
   累計訓練時間: 35m 40s

💾 系統狀態:
   GPU記憶體: 0.02GB / 15.89GB (0.1%) 🟢 正常
   保留記憶體: 3.73GB

🚀 效率指標:
   資料處理速度: 432,559 points/sec
   Alpha EVM: 0.05
====================================================================================================


====================================================================================================
🔥 Stage 1 | 訓練進度報告
====================================================================================================
📊 進度: [█---------------------------------------] 4.3%
   Epoch: 15,000 / 350,000
   資料點: 60,000 | 學習率: 9.95e+00

📈 損失狀況:
   總損失:   6.718e+04 📈
   方程損失: 4.142e+01
   邊界損失: 6.713e+03
   收斂趨勢: 可能發散，需注意

⏰ 時間分析:
   單epoch平均: 0.14s (429.1 epochs/min)
   階段已耗時: 38m 13s
   階段預估剩餘: 14h 13m
   階段總預估: 14h 51m
   累計訓練時間: 38m 13s

💾 系統狀態:
   GPU記憶體: 0.02GB / 15.89GB (0.1%) 🟢 正常
   保留記憶體: 3.73GB

🚀 效率指標:
   資料處理速度: 429,140 points/sec
   Alpha EVM: 0.05
====================================================================================================


====================================================================================================
🔥 Stage 1 | 訓練進度報告
====================================================================================================
📊 進度: [█---------------------------------------] 4.6%
   Epoch: 16,000 / 350,000
   資料點: 60,000 | 學習率: 9.95e+00

📈 損失狀況:
   總損失:   1.539e+05 📈
   方程損失: 4.142e+01
   邊界損失: 1.544e+04
   收斂趨勢: 可能發散，需注意

⏰ 時間分析:
   單epoch平均: 0.14s (421.7 epochs/min)
   階段已耗時: 40m 45s
   階段預估剩餘: 14h 10m
   階段總預估: 14h 51m
   累計訓練時間: 40m 45s

💾 系統狀態:
   GPU記憶體: 0.02GB / 15.89GB (0.1%) 🟢 正常
   保留記憶體: 3.73GB

🚀 效率指標:
   資料處理速度: 421,688 points/sec
   Alpha EVM: 0.05
====================================================================================================

⚠️ 17:40:24 | [33mWARNING[0m | Extremely large loss detected at epoch 16163: 138934878208.0

====================================================================================================
🔥 Stage 1 | 訓練進度報告
====================================================================================================
📊 進度: [█---------------------------------------] 4.9%
   Epoch: 17,000 / 350,000
   資料點: 60,000 | 學習率: 9.94e+00

📈 損失狀況:
   總損失:   2.772e+04 📈
   方程損失: 4.142e+01
   邊界損失: 2.740e+03
   收斂趨勢: 可能發散，需注意

⏰ 時間分析:
   單epoch平均: 0.14s (418.2 epochs/min)
   階段已耗時: 43m 21s
   階段預估剩餘: 14h 9m
   階段總預估: 14h 52m
   累計訓練時間: 43m 21s

💾 系統狀態:
   GPU記憶體: 0.02GB / 15.89GB (0.1%) 🟢 正常
   保留記憶體: 3.73GB

🚀 效率指標:
   資料處理速度: 418,195 points/sec
   Alpha EVM: 0.05
====================================================================================================


====================================================================================================
🔥 Stage 1 | 訓練進度報告
====================================================================================================
📊 進度: [██--------------------------------------] 5.1%
   Epoch: 18,000 / 350,000
   資料點: 60,000 | 學習率: 9.93e+00

📈 損失狀況:
   總損失:   3.859e+04 📈
   方程損失: 4.142e+01
   邊界損失: 3.852e+03
   收斂趨勢: 可能發散，需注意

⏰ 時間分析:
   單epoch平均: 0.14s (430.2 epochs/min)
   階段已耗時: 45m 54s
   階段預估剩餘: 14h 6m
   階段總預估: 14h 52m
   累計訓練時間: 45m 54s

💾 系統狀態:
   GPU記憶體: 0.02GB / 15.89GB (0.1%) 🟢 正常
   保留記憶體: 3.73GB

🚀 效率指標:
   資料處理速度: 430,242 points/sec
   Alpha EVM: 0.05
====================================================================================================


====================================================================================================
🔥 Stage 1 | 訓練進度報告
====================================================================================================
📊 進度: [██--------------------------------------] 5.4%
   Epoch: 19,000 / 350,000
   資料點: 60,000 | 學習率: 9.92e+00

📈 損失狀況:
   總損失:   1.770e+04 📉
   方程損失: 4.142e+01
   邊界損失: 1.743e+03
   收斂趨勢: 快速收斂中

⏰ 時間分析:
   單epoch平均: 0.14s (432.7 epochs/min)
   階段已耗時: 48m 26s
   階段預估剩餘: 14h 3m
   階段總預估: 14h 52m
   累計訓練時間: 48m 26s

💾 系統狀態:
   GPU記憶體: 0.02GB / 15.89GB (0.1%) 🟢 正常
   保留記憶體: 3.73GB

🚀 效率指標:
   資料處理速度: 432,730 points/sec
   Alpha EVM: 0.05
====================================================================================================


====================================================================================================
🔥 Stage 1 | 訓練進度報告
====================================================================================================
📊 進度: [██--------------------------------------] 5.7%
   Epoch: 20,000 / 350,000
   資料點: 60,000 | 學習率: 9.92e+00

📈 損失狀況:
   總損失:   2.864e+04 📉
   方程損失: 4.142e+01
   邊界損失: 2.858e+03
   收斂趨勢: 快速收斂中

⏰ 時間分析:
   單epoch平均: 0.14s (431.1 epochs/min)
   階段已耗時: 50m 58s
   階段預估剩餘: 14h 1m
   階段總預估: 14h 52m
   累計訓練時間: 50m 58s

💾 系統狀態:
   GPU記憶體: 0.02GB / 15.89GB (0.1%) 🟢 正常
   保留記憶體: 3.73GB

🚀 效率指標:
   資料處理速度: 431,121 points/sec
   Alpha EVM: 0.05
====================================================================================================

[Epoch 20000] Unfreezing EVM network parameters (DDP-compatible)
  Active parameters: 24 (net + net_1)
💡 17:50:13 | [32mINFO[0m | 💾 檢查點已保存: /home/junyi/NSFnet/ev-NSFnet/results/Re5000/6x80_Nf120k_lamB10_alpha0.05Stage_1/checkpoint_epoch_20000.pth (epoch 20000)
[Epoch 20001] Freezing EVM network parameters (DDP-compatible)
  Active parameters: 14 (net only)

====================================================================================================
🔥 Stage 1 | 訓練進度報告
====================================================================================================
📊 進度: [██--------------------------------------] 6.0%
   Epoch: 21,000 / 350,000
   資料點: 60,000 | 學習率: 9.91e+00

📈 損失狀況:
   總損失:   4.097e+04 📉
   方程損失: 7.456e+03
   邊界損失: 3.322e+03
   收斂趨勢: 快速收斂中

⏰ 時間分析:
   單epoch平均: 0.14s (428.5 epochs/min)
   階段已耗時: 53m 31s
   階段預估剩餘: 13h 58m
   階段總預估: 14h 51m
   累計訓練時間: 53m 31s

💾 系統狀態:
   GPU記憶體: 0.02GB / 15.89GB (0.1%) 🟢 正常
   保留記憶體: 3.73GB

🚀 效率指標:
   資料處理速度: 428,498 points/sec
   Alpha EVM: 0.05
====================================================================================================


====================================================================================================
🔥 Stage 1 | 訓練進度報告
====================================================================================================
📊 進度: [██--------------------------------------] 6.3%
   Epoch: 22,000 / 350,000
   資料點: 60,000 | 學習率: 9.90e+00

📈 損失狀況:
   總損失:   4.180e+04 📉
   方程損失: 7.456e+03
   邊界損失: 3.433e+03
   收斂趨勢: 快速收斂中

⏰ 時間分析:
   單epoch平均: 0.14s (427.0 epochs/min)
   階段已耗時: 56m 4s
   階段預估剩餘: 13h 55m
   階段總預估: 14h 51m
   累計訓練時間: 56m 4s

💾 系統狀態:
   GPU記憶體: 0.02GB / 15.89GB (0.1%) 🟢 正常
   保留記憶體: 3.73GB

🚀 效率指標:
   資料處理速度: 426,971 points/sec
   Alpha EVM: 0.05
====================================================================================================


====================================================================================================
🔥 Stage 1 | 訓練進度報告
====================================================================================================
📊 進度: [██--------------------------------------] 6.6%
   Epoch: 23,000 / 350,000
   資料點: 60,000 | 學習率: 9.89e+00

📈 損失狀況:
   總損失:   2.886e+04 📉
   方程損失: 7.456e+03
   邊界損失: 2.117e+03
   收斂趨勢: 快速收斂中

⏰ 時間分析:
   單epoch平均: 0.14s (433.1 epochs/min)
   階段已耗時: 58m 36s
   階段預估剩餘: 13h 53m
   階段總預估: 14h 51m
   累計訓練時間: 58m 36s

💾 系統狀態:
   GPU記憶體: 0.02GB / 15.89GB (0.1%) 🟢 正常
   保留記憶體: 3.73GB

🚀 效率指標:
   資料處理速度: 433,120 points/sec
   Alpha EVM: 0.05
====================================================================================================


====================================================================================================
🔥 Stage 1 | 訓練進度報告
====================================================================================================
📊 進度: [██--------------------------------------] 6.9%
   Epoch: 24,000 / 350,000
   資料點: 60,000 | 學習率: 9.88e+00

📈 損失狀況:
   總損失:   3.841e+04 📉
   方程損失: 7.456e+03
   邊界損失: 3.085e+03
   收斂趨勢: 快速收斂中

⏰ 時間分析:
   單epoch平均: 0.14s (424.6 epochs/min)
   階段已耗時: 1h 1m
   階段預估剩餘: 13h 50m
   階段總預估: 14h 51m
   累計訓練時間: 1h 1m

💾 系統狀態:
   GPU記憶體: 0.02GB / 15.89GB (0.1%) 🟢 正常
   保留記憶體: 3.73GB

🚀 效率指標:
   資料處理速度: 424,569 points/sec
   Alpha EVM: 0.05
====================================================================================================


====================================================================================================
🔥 Stage 1 | 訓練進度報告
====================================================================================================
📊 進度: [██--------------------------------------] 7.1%
   Epoch: 25,000 / 350,000
   資料點: 60,000 | 學習率: 9.87e+00

📈 損失狀況:
   總損失:   9.832e+04 📈
   方程損失: 7.456e+03
   邊界損失: 9.085e+03
   收斂趨勢: 可能發散，需注意

⏰ 時間分析:
   單epoch平均: 0.14s (428.1 epochs/min)
   階段已耗時: 1h 3m
   階段預估剩餘: 13h 48m
   階段總預估: 14h 51m
   累計訓練時間: 1h 3m

💾 系統狀態:
   GPU記憶體: 0.02GB / 15.89GB (0.1%) 🟢 正常
   保留記憶體: 3.73GB

🚀 效率指標:
   資料處理速度: 428,095 points/sec
   Alpha EVM: 0.05
====================================================================================================


====================================================================================================
🔥 Stage 1 | 訓練進度報告
====================================================================================================
📊 進度: [██--------------------------------------] 7.4%
   Epoch: 26,000 / 350,000
   資料點: 60,000 | 學習率: 9.86e+00

📈 損失狀況:
   總損失:   2.135e+05 📈
   方程損失: 7.456e+03
   邊界損失: 2.068e+04
   收斂趨勢: 可能發散，需注意

⏰ 時間分析:
   單epoch平均: 0.14s (427.9 epochs/min)
   階段已耗時: 1h 6m
   階段預估剩餘: 13h 45m
   階段總預估: 14h 51m
   累計訓練時間: 1h 6m

💾 系統狀態:
   GPU記憶體: 0.02GB / 15.89GB (0.1%) 🟢 正常
   保留記憶體: 3.73GB

🚀 效率指標:
   資料處理速度: 427,882 points/sec
   Alpha EVM: 0.05
====================================================================================================


====================================================================================================
🔥 Stage 1 | 訓練進度報告
====================================================================================================
📊 進度: [███-------------------------------------] 7.7%
   Epoch: 27,000 / 350,000
   資料點: 60,000 | 學習率: 9.85e+00

📈 損失狀況:
   總損失:   4.933e+04 📈
   方程損失: 7.456e+03
   邊界損失: 4.217e+03
   收斂趨勢: 可能發散，需注意

⏰ 時間分析:
   單epoch平均: 0.14s (422.5 epochs/min)
   階段已耗時: 1h 8m
   階段預估剩餘: 13h 42m
   階段總預估: 14h 51m
   累計訓練時間: 1h 8m

💾 系統狀態:
   GPU記憶體: 0.02GB / 15.89GB (0.1%) 🟢 正常
   保留記憶體: 3.73GB

🚀 效率指標:
   資料處理速度: 422,535 points/sec
   Alpha EVM: 0.05
====================================================================================================


====================================================================================================
🔥 Stage 1 | 訓練進度報告
====================================================================================================
📊 進度: [███-------------------------------------] 8.0%
   Epoch: 28,000 / 350,000
   資料點: 60,000 | 學習率: 9.84e+00

📈 損失狀況:
   總損失:   4.385e+04 📈
   方程損失: 7.456e+03
   邊界損失: 3.667e+03
   收斂趨勢: 可能發散，需注意

⏰ 時間分析:
   單epoch平均: 0.14s (427.2 epochs/min)
   階段已耗時: 1h 11m
   階段預估剩餘: 13h 40m
   階段總預估: 14h 51m
   累計訓練時間: 1h 11m

💾 系統狀態:
   GPU記憶體: 0.02GB / 15.89GB (0.1%) 🟢 正常
   保留記憶體: 3.73GB

🚀 效率指標:
   資料處理速度: 427,235 points/sec
   Alpha EVM: 0.05
====================================================================================================


====================================================================================================
🔥 Stage 1 | 訓練進度報告
====================================================================================================
📊 進度: [███-------------------------------------] 8.3%
   Epoch: 29,000 / 350,000
   資料點: 60,000 | 學習率: 9.82e+00

📈 損失狀況:
   總損失:   9.715e+04 📈
   方程損失: 7.456e+03
   邊界損失: 8.942e+03
   收斂趨勢: 可能發散，需注意

⏰ 時間分析:
   單epoch平均: 0.14s (425.9 epochs/min)
   階段已耗時: 1h 13m
   階段預估剩餘: 13h 37m
   階段總預估: 14h 51m
   累計訓練時間: 1h 13m

💾 系統狀態:
   GPU記憶體: 0.02GB / 15.89GB (0.1%) 🟢 正常
   保留記憶體: 3.73GB

🚀 效率指標:
   資料處理速度: 425,926 points/sec
   Alpha EVM: 0.05
====================================================================================================


====================================================================================================
🔥 Stage 1 | 訓練進度報告
====================================================================================================
📊 進度: [███-------------------------------------] 8.6%
   Epoch: 30,000 / 350,000
   資料點: 60,000 | 學習率: 9.81e+00

📈 損失狀況:
   總損失:   7.173e+04 📈
   方程損失: 7.456e+03
   邊界損失: 6.388e+03
   收斂趨勢: 可能發散，需注意

⏰ 時間分析:
   單epoch平均: 0.14s (434.6 epochs/min)
   階段已耗時: 1h 16m
   階段預估剩餘: 13h 35m
   階段總預估: 14h 51m
   累計訓練時間: 1h 16m

💾 系統狀態:
   GPU記憶體: 0.02GB / 15.89GB (0.1%) 🟢 正常
   保留記憶體: 3.73GB

🚀 效率指標:
   資料處理速度: 434,601 points/sec
   Alpha EVM: 0.05
====================================================================================================

[Epoch 30000] Unfreezing EVM network parameters (DDP-compatible)
  Active parameters: 24 (net + net_1)
💡 18:15:39 | [32mINFO[0m | 💾 檢查點已保存: /home/junyi/NSFnet/ev-NSFnet/results/Re5000/6x80_Nf120k_lamB10_alpha0.05Stage_1/checkpoint_epoch_30000.pth (epoch 30000)
[Epoch 30001] Freezing EVM network parameters (DDP-compatible)
  Active parameters: 14 (net only)

====================================================================================================
🔥 Stage 1 | 訓練進度報告
====================================================================================================
📊 進度: [███-------------------------------------] 8.9%
   Epoch: 31,000 / 350,000
   資料點: 60,000 | 學習率: 9.80e+00

📈 損失狀況:
   總損失:   1.368e+05 📈
   方程損失: 1.988e+02
   邊界損失: 1.372e+04
   收斂趨勢: 可能發散，需注意

⏰ 時間分析:
   單epoch平均: 0.14s (429.1 epochs/min)
   階段已耗時: 1h 18m
   階段預估剩餘: 13h 32m
   階段總預估: 14h 51m
   累計訓練時間: 1h 18m

💾 系統狀態:
   GPU記憶體: 0.02GB / 15.89GB (0.1%) 🟢 正常
   保留記憶體: 3.73GB

🚀 效率指標:
   資料處理速度: 429,099 points/sec
   Alpha EVM: 0.05
====================================================================================================


====================================================================================================
🔥 Stage 1 | 訓練進度報告
====================================================================================================
📊 進度: [███-------------------------------------] 9.1%
   Epoch: 32,000 / 350,000
   資料點: 60,000 | 學習率: 9.79e+00

📈 損失狀況:
   總損失:   2.336e+05 📈
   方程損失: 1.988e+02
   邊界損失: 2.341e+04
   收斂趨勢: 可能發散，需注意

⏰ 時間分析:
   單epoch平均: 0.14s (426.1 epochs/min)
   階段已耗時: 1h 21m
   階段預估剩餘: 13h 30m
   階段總預估: 14h 51m
   累計訓練時間: 1h 21m

💾 系統狀態:
   GPU記憶體: 0.02GB / 15.89GB (0.1%) 🟢 正常
   保留記憶體: 3.73GB

🚀 效率指標:
   資料處理速度: 426,098 points/sec
   Alpha EVM: 0.05
====================================================================================================


====================================================================================================
🔥 Stage 1 | 訓練進度報告
====================================================================================================
📊 進度: [███-------------------------------------] 9.4%
   Epoch: 33,000 / 350,000
   資料點: 60,000 | 學習率: 9.77e+00

📈 損失狀況:
   總損失:   1.532e+05 📈
   方程損失: 1.988e+02
   邊界損失: 1.530e+04
   收斂趨勢: 可能發散，需注意

⏰ 時間分析:
   單epoch平均: 0.14s (429.4 epochs/min)
   階段已耗時: 1h 24m
   階段預估剩餘: 13h 27m
   階段總預估: 14h 51m
   累計訓練時間: 1h 24m

💾 系統狀態:
   GPU記憶體: 0.02GB / 15.89GB (0.1%) 🟢 正常
   保留記憶體: 3.73GB

🚀 效率指標:
   資料處理速度: 429,357 points/sec
   Alpha EVM: 0.05
====================================================================================================


====================================================================================================
🔥 Stage 1 | 訓練進度報告
====================================================================================================
📊 進度: [███-------------------------------------] 9.7%
   Epoch: 34,000 / 350,000
   資料點: 60,000 | 學習率: 9.76e+00

📈 損失狀況:
   總損失:   2.368e+04 📈
   方程損失: 1.988e+02
   邊界損失: 2.326e+03
   收斂趨勢: 可能發散，需注意

⏰ 時間分析:
   單epoch平均: 0.14s (427.8 epochs/min)
   階段已耗時: 1h 26m
   階段預估剩餘: 13h 24m
   階段總預估: 14h 51m
   累計訓練時間: 1h 26m

💾 系統狀態:
   GPU記憶體: 0.02GB / 15.89GB (0.1%) 🟢 正常
   保留記憶體: 3.73GB

🚀 效率指標:
   資料處理速度: 427,842 points/sec
   Alpha EVM: 0.05
====================================================================================================


====================================================================================================
🔥 Stage 1 | 訓練進度報告
====================================================================================================
📊 進度: [████------------------------------------] 10.0%
   Epoch: 35,000 / 350,000
   資料點: 60,000 | 學習率: 9.74e+00

📈 損失狀況:
   總損失:   3.996e+04 📈
   方程損失: 1.988e+02
   邊界損失: 4.006e+03
   收斂趨勢: 可能發散，需注意

⏰ 時間分析:
   單epoch平均: 0.14s (424.7 epochs/min)
   階段已耗時: 1h 29m
   階段預估剩餘: 13h 22m
   階段總預估: 14h 51m
   累計訓練時間: 1h 29m

💾 系統狀態:
   GPU記憶體: 0.02GB / 15.89GB (0.1%) 🟢 正常
   保留記憶體: 3.73GB

🚀 效率指標:
   資料處理速度: 424,745 points/sec
   Alpha EVM: 0.05
====================================================================================================


====================================================================================================
🔥 Stage 1 | 訓練進度報告
====================================================================================================
📊 進度: [████------------------------------------] 10.3%
   Epoch: 36,000 / 350,000
   資料點: 60,000 | 學習率: 9.73e+00

📈 損失狀況:
   總損失:   5.481e+05 📈
   方程損失: 1.988e+02
   邊界損失: 5.469e+04
   收斂趨勢: 可能發散，需注意

⏰ 時間分析:
   單epoch平均: 0.14s (422.4 epochs/min)
   階段已耗時: 1h 31m
   階段預估剩餘: 13h 19m
   階段總預估: 14h 51m
   累計訓練時間: 1h 31m

💾 系統狀態:
   GPU記憶體: 0.02GB / 15.89GB (0.1%) 🟢 正常
   保留記憶體: 3.73GB

🚀 效率指標:
   資料處理速度: 422,375 points/sec
   Alpha EVM: 0.05
====================================================================================================


====================================================================================================
🔥 Stage 1 | 訓練進度報告
====================================================================================================
📊 進度: [████------------------------------------] 10.6%
   Epoch: 37,000 / 350,000
   資料點: 60,000 | 學習率: 9.71e+00

📈 損失狀況:
   總損失:   2.222e+04 📈
   方程損失: 1.988e+02
   邊界損失: 2.199e+03
   收斂趨勢: 可能發散，需注意

⏰ 時間分析:
   單epoch平均: 0.14s (428.3 epochs/min)
   階段已耗時: 1h 34m
   階段預估剩餘: 13h 17m
   階段總預估: 14h 51m
   累計訓練時間: 1h 34m

💾 系統狀態:
   GPU記憶體: 0.02GB / 15.89GB (0.1%) 🟢 正常
   保留記憶體: 3.73GB

🚀 效率指標:
   資料處理速度: 428,304 points/sec
   Alpha EVM: 0.05
====================================================================================================


====================================================================================================
🔥 Stage 1 | 訓練進度報告
====================================================================================================
📊 進度: [████------------------------------------] 10.9%
   Epoch: 38,000 / 350,000
   資料點: 60,000 | 學習率: 9.70e+00

📈 損失狀況:
   總損失:   1.821e+05 📈
   方程損失: 1.988e+02
   邊界損失: 1.825e+04
   收斂趨勢: 可能發散，需注意

⏰ 時間分析:
   單epoch平均: 0.14s (427.9 epochs/min)
   階段已耗時: 1h 36m
   階段預估剩餘: 13h 14m
   階段總預估: 14h 51m
   累計訓練時間: 1h 36m

💾 系統狀態:
   GPU記憶體: 0.02GB / 15.89GB (0.1%) 🟢 正常
   保留記憶體: 3.73GB

🚀 效率指標:
   資料處理速度: 427,875 points/sec
   Alpha EVM: 0.05
====================================================================================================


====================================================================================================
🔥 Stage 1 | 訓練進度報告
====================================================================================================
📊 進度: [████------------------------------------] 11.1%
   Epoch: 39,000 / 350,000
   資料點: 60,000 | 學習率: 9.68e+00

📈 損失狀況:
   總損失:   1.515e+04 📈
   方程損失: 1.988e+02
   邊界損失: 1.477e+03
   收斂趨勢: 可能發散，需注意

⏰ 時間分析:
   單epoch平均: 0.14s (432.3 epochs/min)
   階段已耗時: 1h 39m
   階段預估剩餘: 13h 12m
   階段總預估: 14h 51m
   累計訓練時間: 1h 39m

💾 系統狀態:
   GPU記憶體: 0.02GB / 15.89GB (0.1%) 🟢 正常
   保留記憶體: 3.73GB

🚀 效率指標:
   資料處理速度: 432,312 points/sec
   Alpha EVM: 0.05
====================================================================================================


====================================================================================================
🔥 Stage 1 | 訓練進度報告
====================================================================================================
📊 進度: [████------------------------------------] 11.4%
   Epoch: 40,000 / 350,000
   資料點: 60,000 | 學習率: 9.67e+00

📈 損失狀況:
   總損失:   8.271e+04 📈
   方程損失: 1.988e+02
   邊界損失: 8.242e+03
   收斂趨勢: 可能發散，需注意

⏰ 時間分析:
   單epoch平均: 0.14s (422.3 epochs/min)
   階段已耗時: 1h 41m
   階段預估剩餘: 13h 9m
   階段總預估: 14h 51m
   累計訓練時間: 1h 41m

💾 系統狀態:
   GPU記憶體: 0.02GB / 15.89GB (0.1%) 🟢 正常
   保留記憶體: 3.73GB

🚀 效率指標:
   資料處理速度: 422,299 points/sec
   Alpha EVM: 0.05
====================================================================================================

[Epoch 40000] Unfreezing EVM network parameters (DDP-compatible)
  Active parameters: 24 (net + net_1)
💡 18:41:08 | [32mINFO[0m | 💾 檢查點已保存: /home/junyi/NSFnet/ev-NSFnet/results/Re5000/6x80_Nf120k_lamB10_alpha0.05Stage_1/checkpoint_epoch_40000.pth (epoch 40000)
[Epoch 40001] Freezing EVM network parameters (DDP-compatible)
  Active parameters: 14 (net only)

====================================================================================================
🔥 Stage 1 | 訓練進度報告
====================================================================================================
📊 進度: [████------------------------------------] 11.7%
   Epoch: 41,000 / 350,000
   資料點: 60,000 | 學習率: 9.65e+00

📈 損失狀況:
   總損失:   5.838e+04 📊
   方程損失: 3.327e+03
   邊界損失: 5.505e+03
   收斂趨勢: 穩定收斂中

⏰ 時間分析:
   單epoch平均: 0.14s (428.7 epochs/min)
   階段已耗時: 1h 44m
   階段預估剩餘: 13h 7m
   階段總預估: 14h 51m
   累計訓練時間: 1h 44m

💾 系統狀態:
   GPU記憶體: 0.02GB / 15.89GB (0.1%) 🟢 正常
   保留記憶體: 3.73GB

🚀 效率指標:
   資料處理速度: 428,675 points/sec
   Alpha EVM: 0.05
====================================================================================================


====================================================================================================
🔥 Stage 1 | 訓練進度報告
====================================================================================================
📊 進度: [████------------------------------------] 12.0%
   Epoch: 42,000 / 350,000
   資料點: 60,000 | 學習率: 9.63e+00

📈 損失狀況:
   總損失:   2.746e+04 📉
   方程損失: 3.327e+03
   邊界損失: 2.431e+03
   收斂趨勢: 快速收斂中

⏰ 時間分析:
   單epoch平均: 0.14s (433.6 epochs/min)
   階段已耗時: 1h 46m
   階段預估剩餘: 13h 4m
   階段總預估: 14h 51m
   累計訓練時間: 1h 46m

💾 系統狀態:
   GPU記憶體: 0.02GB / 15.89GB (0.1%) 🟢 正常
   保留記憶體: 3.73GB

🚀 效率指標:
   資料處理速度: 433,648 points/sec
   Alpha EVM: 0.05
====================================================================================================


====================================================================================================
🔥 Stage 1 | 訓練進度報告
====================================================================================================
📊 進度: [████------------------------------------] 12.3%
   Epoch: 43,000 / 350,000
   資料點: 60,000 | 學習率: 9.61e+00

📈 損失狀況:
   總損失:   1.466e+05 📉
   方程損失: 3.327e+03
   邊界損失: 1.429e+04
   收斂趨勢: 快速收斂中

⏰ 時間分析:
   單epoch平均: 0.14s (430.7 epochs/min)
   階段已耗時: 1h 49m
   階段預估剩餘: 13h 2m
   階段總預估: 14h 51m
   累計訓練時間: 1h 49m

💾 系統狀態:
   GPU記憶體: 0.02GB / 15.89GB (0.1%) 🟢 正常
   保留記憶體: 3.73GB

🚀 效率指標:
   資料處理速度: 430,743 points/sec
   Alpha EVM: 0.05
====================================================================================================

