Traceback (most recent call last):
  File "/home/junyi/NSFnet/ev-NSFnet/train.py", line 8, in <module>
    import pinn_solver as psolver
  File "/home/junyi/NSFnet/ev-NSFnet/pinn_solver.py", line 344
    """優化版本：避免不必要的CPU轉換"""
IndentationError: expected an indented block after function definition on line 343
Traceback (most recent call last):
  File "/home/junyi/NSFnet/ev-NSFnet/train.py", line 8, in <module>
    import pinn_solver as psolver
  File "/home/junyi/NSFnet/ev-NSFnet/pinn_solver.py", line 344
    """優化版本：避免不必要的CPU轉換"""
IndentationError: expected an indented block after function definition on line 343
E0728 15:30:19.417000 418284 torch/distributed/elastic/multiprocessing/api.py:869] failed (exitcode: 1) local_rank: 0 (pid: 418309) of binary: /usr/bin/python3
Traceback (most recent call last):
  File "/home/junyi/.local/bin/torchrun", line 8, in <module>
    sys.exit(main())
  File "/home/junyi/.local/lib/python3.10/site-packages/torch/distributed/elastic/multiprocessing/errors/__init__.py", line 355, in wrapper
    return f(*args, **kwargs)
  File "/home/junyi/.local/lib/python3.10/site-packages/torch/distributed/run.py", line 918, in main
    run(args)
  File "/home/junyi/.local/lib/python3.10/site-packages/torch/distributed/run.py", line 909, in run
    elastic_launch(
  File "/home/junyi/.local/lib/python3.10/site-packages/torch/distributed/launcher/api.py", line 138, in __call__
    return launch_agent(self._config, self._entrypoint, list(args))
  File "/home/junyi/.local/lib/python3.10/site-packages/torch/distributed/launcher/api.py", line 269, in launch_agent
    raise ChildFailedError(
torch.distributed.elastic.multiprocessing.errors.ChildFailedError: 
============================================================
train.py FAILED
------------------------------------------------------------
Failures:
[1]:
  time      : 2025-07-28_15:30:19
  host      : acmt20
  rank      : 1 (local_rank: 1)
  exitcode  : 1 (pid: 418310)
  error_file: <N/A>
  traceback : To enable traceback see: https://pytorch.org/docs/stable/elastic/errors.html
------------------------------------------------------------
Root Cause (first observed failure):
[0]:
  time      : 2025-07-28_15:30:19
  host      : acmt20
  rank      : 0 (local_rank: 0)
  exitcode  : 1 (pid: 418309)
  error_file: <N/A>
  traceback : To enable traceback see: https://pytorch.org/docs/stable/elastic/errors.html
============================================================

real	0m6.989s
user	0m8.346s
sys	0m4.774s
